<?xml version="1.0" encoding="UTF-8"?>
<robot generator="Robot 7.3.1 (Python 3.13.5 on win32)" generated="2025-08-12T15:58:51.068379" rpa="false" schemaversion="5">
<suite id="s1" name="Test" source="D:\iventory_management\KienTruc_University\test.robot">
<test id="s1-t1" name="Login" line="8">
<kw name="Login To System" owner="resource">
<kw name="Open Browser" owner="SeleniumLibrary">
<msg time="2025-08-12T15:58:51.397514" level="INFO">Opening browser 'chrome' to base url 'https://demo-clo.minds.vn/'.</msg>
<arg>${URL}</arg>
<arg>chrome</arg>
<doc>Opens a new browser instance to the optional ``url``.</doc>
<status status="PASS" start="2025-08-12T15:58:51.397169" elapsed="4.635719"/>
</kw>
<kw name="Wait Until Element Is Visible" owner="SeleniumLibrary">
<arg>${USERNAME_INPUT}</arg>
<arg>30s</arg>
<doc>Waits until the element ``locator`` is visible.</doc>
<status status="PASS" start="2025-08-12T15:58:56.033206" elapsed="0.041100"/>
</kw>
<kw name="Input Text" owner="SeleniumLibrary">
<msg time="2025-08-12T15:58:56.074673" level="INFO">Typing text 'admin' into text field 'xpath=//input[@id='id_username']'.</msg>
<arg>${USERNAME_INPUT}</arg>
<arg>${username}</arg>
<doc>Types the given ``text`` into the text field identified by ``locator``.</doc>
<status status="PASS" start="2025-08-12T15:58:56.074469" elapsed="0.130393"/>
</kw>
<kw name="Input Text" owner="SeleniumLibrary">
<msg time="2025-08-12T15:58:56.205361" level="INFO">Typing text 'demoadmin' into text field 'xpath=//input[@id='id_password']'.</msg>
<arg>${PASSWORD_INPUT}</arg>
<arg>${password}</arg>
<doc>Types the given ``text`` into the text field identified by ``locator``.</doc>
<status status="PASS" start="2025-08-12T15:58:56.205061" elapsed="0.139011"/>
</kw>
<kw name="Click Button" owner="SeleniumLibrary">
<msg time="2025-08-12T15:58:56.344716" level="INFO">Clicking button 'xpath=//button[text()='Đăng nhập']'.</msg>
<arg>${LOGIN_BUTTON}</arg>
<doc>Clicks the button identified by ``locator``.</doc>
<status status="PASS" start="2025-08-12T15:58:56.344416" elapsed="0.089045"/>
</kw>
<arg>admin</arg>
<arg>demoadmin</arg>
<status status="PASS" start="2025-08-12T15:58:51.395671" elapsed="5.038136"/>
</kw>
<status status="PASS" start="2025-08-12T15:58:51.395005" elapsed="5.039261"/>
</test>
<status status="PASS" start="2025-08-12T15:58:51.070893" elapsed="5.364183"/>
</suite>
<statistics>
<total>
<stat pass="1" fail="0" skip="0">All Tests</stat>
</total>
<tag>
</tag>
<suite>
<stat name="Test" id="s1" pass="1" fail="0" skip="0">Test</stat>
</suite>
</statistics>
<errors>
</errors>
</robot>
