<?xml version="1.0" encoding="UTF-8"?>
<robot generator="Robot 7.3.1 (Python 3.13.5 on win32)" generated="2025-08-20T10:01:07.356616" rpa="false" schemaversion="5">
<suite id="s1" name="FAY" source="D:\iventory_management\KienTruc_University\Test\FAY.robot">
<kw name="Login And Go Dashboard" type="SETUP">
<kw name="Open Browser" owner="SeleniumLibrary">
<msg time="2025-08-20T10:01:07.993022" level="INFO">Opening browser 'chrome' to base url 'about:blank'.</msg>
<arg>about:blank</arg>
<arg>${BROWSER}</arg>
<doc>Opens a new browser instance to the optional ``url``.</doc>
<status status="PASS" start="2025-08-20T10:01:07.992674" elapsed="2.574041"/>
</kw>
<kw name="Maximize Browser Window" owner="SeleniumLibrary">
<doc>Maximizes current browser window.</doc>
<status status="PASS" start="2025-08-20T10:01:10.567512" elapsed="0.066779"/>
</kw>
<kw name="Go To" owner="SeleniumLibrary">
<msg time="2025-08-20T10:01:10.635073" level="INFO">Opening url 'https://demo-clo.minds.vn/en/accounts/login/'</msg>
<arg>${BASE_URL}/en/accounts/login/</arg>
<doc>Navigates the current browser window to the provided ``url``.</doc>
<status status="PASS" start="2025-08-20T10:01:10.634697" elapsed="1.769113"/>
</kw>
<kw name="Wait Until Element Is Visible" owner="SeleniumLibrary">
<arg>${LOGIN_USER}</arg>
<arg>15s</arg>
<doc>Waits until the element ``locator`` is visible.</doc>
<status status="PASS" start="2025-08-20T10:01:12.404297" elapsed="0.070979"/>
</kw>
<kw name="Input Text" owner="SeleniumLibrary">
<msg time="2025-08-20T10:01:12.476756" level="INFO">Typing text 'lecturer1' into text field 'xpath=//input[@id="id_username" or @name="username"]'.</msg>
<arg>${LOGIN_USER}</arg>
<arg>${USERNAME}</arg>
<doc>Types the given ``text`` into the text field identified by ``locator``.</doc>
<status status="PASS" start="2025-08-20T10:01:12.475735" elapsed="0.177013"/>
</kw>
<kw name="Input Password" owner="SeleniumLibrary">
<msg time="2025-08-20T10:01:12.653971" level="INFO">Typing password into text field 'xpath=//input[@id="id_password" or @name="password"]'.</msg>
<msg time="2025-08-20T10:01:12.717599" level="INFO">Temporally setting log level to: NONE</msg>
<arg>${LOGIN_PASS}</arg>
<arg>${PASSWORD}</arg>
<doc>Types the given password into the text field identified by ``locator``.</doc>
<status status="PASS" start="2025-08-20T10:01:12.653380" elapsed="0.166586"/>
</kw>
<kw name="Click Button" owner="SeleniumLibrary">
<msg time="2025-08-20T10:01:12.821587" level="INFO">Clicking button 'xpath=//button[@type="submit" or contains(normalize-space(.),"Login") or contains(normalize-space(.),"Đăng nhập")]'.</msg>
<arg>${BTN_LOGIN}</arg>
<doc>Clicks the button identified by ``locator``.</doc>
<status status="PASS" start="2025-08-20T10:01:12.820911" elapsed="4.070808"/>
</kw>
<kw name="Go To" owner="SeleniumLibrary">
<msg time="2025-08-20T10:01:16.892705" level="INFO">Opening url 'https://demo-clo.minds.vn/en/dashboard/'</msg>
<arg>${BASE_URL}/en/dashboard/</arg>
<doc>Navigates the current browser window to the provided ``url``.</doc>
<status status="PASS" start="2025-08-20T10:01:16.892303" elapsed="1.344802"/>
</kw>
<kw name="Run Keyword And Return Status" owner="BuiltIn">
<kw name="Wait Until Dashboard Ready">
<kw name="Run Keyword And Return Status" owner="BuiltIn">
<kw name="Wait Until Page Contains Element" owner="SeleniumLibrary">
<msg time="2025-08-20T10:01:28.513891" level="WARN">Keyword 'Capture Page Screenshot' could not be run on failure: Message: invalid session id: session deleted as the browser has closed the connection
from disconnected: not connected to DevTools
  (Session info: chrome=139.0.7258.128); For documentation on this error, please visit: https://www.selenium.dev/documentation/webdriver/troubleshooting/errors#invalidsessionidexception
Stacktrace:
	GetHandleVerifier [0x0x7ff648b878d5+2802741]
	GetHandleVerifier [0x0x7ff6488eeb70+79568]
	(No symbol) [0x0x7ff64868c0fa]
	(No symbol) [0x0x7ff648678365]
	(No symbol) [0x0x7ff64869cef4]
	(No symbol) [0x0x7ff6487122c5]
	(No symbol) [0x0x7ff648732752]
	(No symbol) [0x0x7ff64870aa63]
	(No symbol) [0x0x7ff6486d3c91]
	(No symbol) [0x0x7ff6486d4a23]
	GetHandleVerifier [0x0x7ff648bb2ced+2979917]
	GetHandleVerifier [0x0x7ff648bad0f3+2956371]
	GetHandleVerifier [0x0x7ff648bcacbd+3078173]
	GetHandleVerifier [0x0x7ff64890836e+184014]
	GetHandleVerifier [0x0x7ff64891024f+216495]
	GetHandleVerifier [0x0x7ff6488f70c4+113700]
	GetHandleVerifier [0x0x7ff6488f7279+114137]
	GetHandleVerifier [0x0x7ff6488ddf78+10968]
	BaseThreadInitThunk [0x0x7ff8bdc9e8d7+23]
	RtlUserThreadStart [0x0x7ff8bf61c34c+44]
</msg>
<msg time="2025-08-20T10:01:28.516721" level="FAIL">WebDriverException: Message: target frame detached
  (failed to check if window was closed: disconnected: unable to send message to renderer)
  (Session info: chrome=139.0.7258.128)
Stacktrace:
	GetHandleVerifier [0x0x7ff648b878d5+2802741]
	GetHandleVerifier [0x0x7ff6488eeb70+79568]
	(No symbol) [0x0x7ff64868bf2c]
	(No symbol) [0x0x7ff6486796ab]
	(No symbol) [0x0x7ff64867856e]
	(No symbol) [0x0x7ff64869cef4]
	(No symbol) [0x0x7ff6487122c5]
	(No symbol) [0x0x7ff648732752]
	(No symbol) [0x0x7ff64870aa63]
	(No symbol) [0x0x7ff6486d3c91]
	(No symbol) [0x0x7ff6486d4a23]
	GetHandleVerifier [0x0x7ff648bb2ced+2979917]
	GetHandleVerifier [0x0x7ff648bad0f3+2956371]
	GetHandleVerifier [0x0x7ff648bcacbd+3078173]
	GetHandleVerifier [0x0x7ff64890836e+184014]
	GetHandleVerifier [0x0x7ff64891024f+216495]
	GetHandleVerifier [0x0x7ff6488f70c4+113700]
	GetHandleVerifier [0x0x7ff6488f7279+114137]
	GetHandleVerifier [0x0x7ff6488ddf78+10968]
	BaseThreadInitThunk [0x0x7ff8bdc9e8d7+23]
	RtlUserThreadStart [0x0x7ff8bf61c34c+44]
</msg>
<arg>${HELLO_BADGE}</arg>
<arg>${timeout}</arg>
<doc>Waits until the element ``locator`` appears on the current page.</doc>
<status status="FAIL" start="2025-08-20T10:01:18.239497" elapsed="10.365913">WebDriverException: Message: target frame detached
  (failed to check if window was closed: disconnected: unable to send message to renderer)
  (Session info: chrome=139.0.7258.128)
Stacktrace:
	GetHandleVerifier [0x0x7ff648b878d5+2802741]
	GetHandleVerifier [0x0x7ff6488eeb70+79568]
	(No symbol) [0x0x7ff64868bf2c]
	(No symbol) [0x0x7ff6486796ab]
	(No symbol) [0x0x7ff64867856e]
	(No symbol) [0x0x7ff64869cef4]
	(No symbol) [0x0x7ff6487122c5]
	(No symbol) [0x0x7ff648732752]
	(No symbol) [0x0x7ff64870aa63]
	(No symbol) [0x0x7ff6486d3c91]
	(No symbol) [0x0x7ff6486d4a23]
	GetHandleVerifier [0x0x7ff648bb2ced+2979917]
	GetHandleVerifier [0x0x7ff648bad0f3+2956371]
	GetHandleVerifier [0x0x7ff648bcacbd+3078173]
	GetHandleVerifier [0x0x7ff64890836e+184014]
	GetHandleVerifier [0x0x7ff64891024f+216495]
	GetHandleVerifier [0x0x7ff6488f70c4+113700]
	GetHandleVerifier [0x0x7ff6488f7279+114137]
	GetHandleVerifier [0x0x7ff6488ddf78+10968]
	BaseThreadInitThunk [0x0x7ff8bdc9e8d7+23]
	RtlUserThreadStart [0x0x7ff8bf61c34c+44]
</status>
</kw>
<msg time="2025-08-20T10:01:28.606045" level="INFO">${ok1} = False</msg>
<var>${ok1}</var>
<arg>Wait Until Page Contains Element</arg>
<arg>${HELLO_BADGE}</arg>
<arg>${timeout}</arg>
<doc>Runs the given keyword with given arguments and returns the status as a Boolean value.</doc>
<status status="PASS" start="2025-08-20T10:01:18.239160" elapsed="10.367044"/>
</kw>
<kw name="Run Keyword And Return Status" owner="BuiltIn">
<kw name="Wait Until Page Contains Element" owner="SeleniumLibrary">
<msg time="2025-08-20T10:01:28.779545" level="WARN">Keyword 'Capture Page Screenshot' could not be run on failure: Message: invalid session id; For documentation on this error, please visit: https://www.selenium.dev/documentation/webdriver/troubleshooting/errors#invalidsessionidexception
Stacktrace:
	GetHandleVerifier [0x0x7ff648b878d5+2802741]
	GetHandleVerifier [0x0x7ff6488eeb70+79568]
	(No symbol) [0x0x7ff64868bf2c]
	(No symbol) [0x0x7ff6486d2dbf]
	(No symbol) [0x0x7ff64870ab52]
	(No symbol) [0x0x7ff648705663]
	(No symbol) [0x0x7ff648704729]
	(No symbol) [0x0x7ff648656fd5]
	GetHandleVerifier [0x0x7ff648bb2ced+2979917]
	GetHandleVerifier [0x0x7ff648bad0f3+2956371]
	GetHandleVerifier [0x0x7ff648bcacbd+3078173]
	GetHandleVerifier [0x0x7ff64890836e+184014]
	GetHandleVerifier [0x0x7ff64891024f+216495]
	(No symbol) [0x0x7ff648655fd1]
	GetHandleVerifier [0x0x7ff648cce1a8+4140296]
	BaseThreadInitThunk [0x0x7ff8bdc9e8d7+23]
	RtlUserThreadStart [0x0x7ff8bf61c34c+44]
</msg>
<msg time="2025-08-20T10:01:28.785185" level="FAIL">InvalidSessionIdException: Message: invalid session id; For documentation on this error, please visit: https://www.selenium.dev/documentation/webdriver/troubleshooting/errors#invalidsessionidexception
Stacktrace:
	GetHandleVerifier [0x0x7ff648b878d5+2802741]
	GetHandleVerifier [0x0x7ff6488eeb70+79568]
	(No symbol) [0x0x7ff64868bf2c]
	(No symbol) [0x0x7ff6486d2dbf]
	(No symbol) [0x0x7ff64870ab52]
	(No symbol) [0x0x7ff648705663]
	(No symbol) [0x0x7ff648704729]
	(No symbol) [0x0x7ff648656fd5]
	GetHandleVerifier [0x0x7ff648bb2ced+2979917]
	GetHandleVerifier [0x0x7ff648bad0f3+2956371]
	GetHandleVerifier [0x0x7ff648bcacbd+3078173]
	GetHandleVerifier [0x0x7ff64890836e+184014]
	GetHandleVerifier [0x0x7ff64891024f+216495]
	(No symbol) [0x0x7ff648655fd1]
	GetHandleVerifier [0x0x7ff648cce1a8+4140296]
	BaseThreadInitThunk [0x0x7ff8bdc9e8d7+23]
	RtlUserThreadStart [0x0x7ff8bf61c34c+44]
</msg>
<arg>${MENU_CLASSES}</arg>
<arg>3s</arg>
<doc>Waits until the element ``locator`` appears on the current page.</doc>
<status status="FAIL" start="2025-08-20T10:01:28.607404" elapsed="0.187303">InvalidSessionIdException: Message: invalid session id; For documentation on this error, please visit: https://www.selenium.dev/documentation/webdriver/troubleshooting/errors#invalidsessionidexception
Stacktrace:
	GetHandleVerifier [0x0x7ff648b878d5+2802741]
	GetHandleVerifier [0x0x7ff6488eeb70+79568]
	(No symbol) [0x0x7ff64868bf2c]
	(No symbol) [0x0x7ff6486d2dbf]
	(No symbol) [0x0x7ff64870ab52]
	(No symbol) [0x0x7ff648705663]
	(No symbol) [0x0x7ff648704729]
	(No symbol) [0x0x7ff648656fd5]
	GetHandleVerifier [0x0x7ff648bb2ced+2979917]
	GetHandleVerifier [0x0x7ff648bad0f3+2956371]
	GetHandleVerifier [0x0x7ff648bcacbd+3078173]
	GetHandleVerifier [0x0x7ff64890836e+184014]
	GetHandleVerifier [0x0x7ff64891024f+216495]
	(No symbol) [0x0x7ff648655fd1]
	GetHandleVerifier [0x0x7ff648cce1a8+4140296]
	BaseThreadInitThunk [0x0x7ff8bdc9e8d7+23]
	RtlUserThreadStart [0x0x7ff8bf61c34c+44]
</status>
</kw>
<msg time="2025-08-20T10:01:28.796325" level="INFO">${ok2} = False</msg>
<var>${ok2}</var>
<arg>Wait Until Page Contains Element</arg>
<arg>${MENU_CLASSES}</arg>
<arg>3s</arg>
<doc>Runs the given keyword with given arguments and returns the status as a Boolean value.</doc>
<status status="PASS" start="2025-08-20T10:01:28.606824" elapsed="0.189600"/>
</kw>
<kw name="Run Keyword And Return Status" owner="BuiltIn">
<kw name="Wait Until Page Contains Element" owner="SeleniumLibrary">
<msg time="2025-08-20T10:01:28.802284" level="WARN">Keyword 'Capture Page Screenshot' could not be run on failure: Message: invalid session id; For documentation on this error, please visit: https://www.selenium.dev/documentation/webdriver/troubleshooting/errors#invalidsessionidexception
Stacktrace:
	GetHandleVerifier [0x0x7ff648b878d5+2802741]
	GetHandleVerifier [0x0x7ff6488eeb70+79568]
	(No symbol) [0x0x7ff64868bf2c]
	(No symbol) [0x0x7ff6486d2dbf]
	(No symbol) [0x0x7ff64870ab52]
	(No symbol) [0x0x7ff648705663]
	(No symbol) [0x0x7ff648704729]
	(No symbol) [0x0x7ff648656fd5]
	GetHandleVerifier [0x0x7ff648bb2ced+2979917]
	GetHandleVerifier [0x0x7ff648bad0f3+2956371]
	GetHandleVerifier [0x0x7ff648bcacbd+3078173]
	GetHandleVerifier [0x0x7ff64890836e+184014]
	GetHandleVerifier [0x0x7ff64891024f+216495]
	(No symbol) [0x0x7ff648655fd1]
	GetHandleVerifier [0x0x7ff648cce1a8+4140296]
	BaseThreadInitThunk [0x0x7ff8bdc9e8d7+23]
	RtlUserThreadStart [0x0x7ff8bf61c34c+44]
</msg>
<msg time="2025-08-20T10:01:28.807269" level="FAIL">InvalidSessionIdException: Message: invalid session id; For documentation on this error, please visit: https://www.selenium.dev/documentation/webdriver/troubleshooting/errors#invalidsessionidexception
Stacktrace:
	GetHandleVerifier [0x0x7ff648b878d5+2802741]
	GetHandleVerifier [0x0x7ff6488eeb70+79568]
	(No symbol) [0x0x7ff64868bf2c]
	(No symbol) [0x0x7ff6486d2dbf]
	(No symbol) [0x0x7ff64870ab52]
	(No symbol) [0x0x7ff648705663]
	(No symbol) [0x0x7ff648704729]
	(No symbol) [0x0x7ff648656fd5]
	GetHandleVerifier [0x0x7ff648bb2ced+2979917]
	GetHandleVerifier [0x0x7ff648bad0f3+2956371]
	GetHandleVerifier [0x0x7ff648bcacbd+3078173]
	GetHandleVerifier [0x0x7ff64890836e+184014]
	GetHandleVerifier [0x0x7ff64891024f+216495]
	(No symbol) [0x0x7ff648655fd1]
	GetHandleVerifier [0x0x7ff648cce1a8+4140296]
	BaseThreadInitThunk [0x0x7ff8bdc9e8d7+23]
	RtlUserThreadStart [0x0x7ff8bf61c34c+44]
</msg>
<arg>${QB_MENU}</arg>
<arg>3s</arg>
<doc>Waits until the element ``locator`` appears on the current page.</doc>
<status status="FAIL" start="2025-08-20T10:01:28.797124" elapsed="0.059029">InvalidSessionIdException: Message: invalid session id; For documentation on this error, please visit: https://www.selenium.dev/documentation/webdriver/troubleshooting/errors#invalidsessionidexception
Stacktrace:
	GetHandleVerifier [0x0x7ff648b878d5+2802741]
	GetHandleVerifier [0x0x7ff6488eeb70+79568]
	(No symbol) [0x0x7ff64868bf2c]
	(No symbol) [0x0x7ff6486d2dbf]
	(No symbol) [0x0x7ff64870ab52]
	(No symbol) [0x0x7ff648705663]
	(No symbol) [0x0x7ff648704729]
	(No symbol) [0x0x7ff648656fd5]
	GetHandleVerifier [0x0x7ff648bb2ced+2979917]
	GetHandleVerifier [0x0x7ff648bad0f3+2956371]
	GetHandleVerifier [0x0x7ff648bcacbd+3078173]
	GetHandleVerifier [0x0x7ff64890836e+184014]
	GetHandleVerifier [0x0x7ff64891024f+216495]
	(No symbol) [0x0x7ff648655fd1]
	GetHandleVerifier [0x0x7ff648cce1a8+4140296]
	BaseThreadInitThunk [0x0x7ff8bdc9e8d7+23]
	RtlUserThreadStart [0x0x7ff8bf61c34c+44]
</status>
</kw>
<msg time="2025-08-20T10:01:28.856596" level="INFO">${ok3} = False</msg>
<var>${ok3}</var>
<arg>Wait Until Page Contains Element</arg>
<arg>${QB_MENU}</arg>
<arg>3s</arg>
<doc>Runs the given keyword with given arguments and returns the status as a Boolean value.</doc>
<status status="PASS" start="2025-08-20T10:01:28.796761" elapsed="0.059913"/>
</kw>
<kw name="Run Keyword And Return Status" owner="BuiltIn">
<kw name="Wait Until Page Contains Element" owner="SeleniumLibrary">
<msg time="2025-08-20T10:01:28.873079" level="WARN">Keyword 'Capture Page Screenshot' could not be run on failure: Message: invalid session id; For documentation on this error, please visit: https://www.selenium.dev/documentation/webdriver/troubleshooting/errors#invalidsessionidexception
Stacktrace:
	GetHandleVerifier [0x0x7ff648b878d5+2802741]
	GetHandleVerifier [0x0x7ff6488eeb70+79568]
	(No symbol) [0x0x7ff64868bf2c]
	(No symbol) [0x0x7ff6486d2dbf]
	(No symbol) [0x0x7ff64870ab52]
	(No symbol) [0x0x7ff648705663]
	(No symbol) [0x0x7ff648704729]
	(No symbol) [0x0x7ff648656fd5]
	GetHandleVerifier [0x0x7ff648bb2ced+2979917]
	GetHandleVerifier [0x0x7ff648bad0f3+2956371]
	GetHandleVerifier [0x0x7ff648bcacbd+3078173]
	GetHandleVerifier [0x0x7ff64890836e+184014]
	GetHandleVerifier [0x0x7ff64891024f+216495]
	(No symbol) [0x0x7ff648655fd1]
	GetHandleVerifier [0x0x7ff648cce1a8+4140296]
	BaseThreadInitThunk [0x0x7ff8bdc9e8d7+23]
	RtlUserThreadStart [0x0x7ff8bf61c34c+44]
</msg>
<msg time="2025-08-20T10:01:28.874182" level="FAIL">InvalidSessionIdException: Message: invalid session id; For documentation on this error, please visit: https://www.selenium.dev/documentation/webdriver/troubleshooting/errors#invalidsessionidexception
Stacktrace:
	GetHandleVerifier [0x0x7ff648b878d5+2802741]
	GetHandleVerifier [0x0x7ff6488eeb70+79568]
	(No symbol) [0x0x7ff64868bf2c]
	(No symbol) [0x0x7ff6486d2dbf]
	(No symbol) [0x0x7ff64870ab52]
	(No symbol) [0x0x7ff648705663]
	(No symbol) [0x0x7ff648704729]
	(No symbol) [0x0x7ff648656fd5]
	GetHandleVerifier [0x0x7ff648bb2ced+2979917]
	GetHandleVerifier [0x0x7ff648bad0f3+2956371]
	GetHandleVerifier [0x0x7ff648bcacbd+3078173]
	GetHandleVerifier [0x0x7ff64890836e+184014]
	GetHandleVerifier [0x0x7ff64891024f+216495]
	(No symbol) [0x0x7ff648655fd1]
	GetHandleVerifier [0x0x7ff648cce1a8+4140296]
	BaseThreadInitThunk [0x0x7ff8bdc9e8d7+23]
	RtlUserThreadStart [0x0x7ff8bf61c34c+44]
</msg>
<arg>${QUICK_BTN}</arg>
<arg>3s</arg>
<doc>Waits until the element ``locator`` appears on the current page.</doc>
<status status="FAIL" start="2025-08-20T10:01:28.857358" elapsed="0.025861">InvalidSessionIdException: Message: invalid session id; For documentation on this error, please visit: https://www.selenium.dev/documentation/webdriver/troubleshooting/errors#invalidsessionidexception
Stacktrace:
	GetHandleVerifier [0x0x7ff648b878d5+2802741]
	GetHandleVerifier [0x0x7ff6488eeb70+79568]
	(No symbol) [0x0x7ff64868bf2c]
	(No symbol) [0x0x7ff6486d2dbf]
	(No symbol) [0x0x7ff64870ab52]
	(No symbol) [0x0x7ff648705663]
	(No symbol) [0x0x7ff648704729]
	(No symbol) [0x0x7ff648656fd5]
	GetHandleVerifier [0x0x7ff648bb2ced+2979917]
	GetHandleVerifier [0x0x7ff648bad0f3+2956371]
	GetHandleVerifier [0x0x7ff648bcacbd+3078173]
	GetHandleVerifier [0x0x7ff64890836e+184014]
	GetHandleVerifier [0x0x7ff64891024f+216495]
	(No symbol) [0x0x7ff648655fd1]
	GetHandleVerifier [0x0x7ff648cce1a8+4140296]
	BaseThreadInitThunk [0x0x7ff8bdc9e8d7+23]
	RtlUserThreadStart [0x0x7ff8bf61c34c+44]
</status>
</kw>
<msg time="2025-08-20T10:01:28.884234" level="INFO">${ok4} = False</msg>
<var>${ok4}</var>
<arg>Wait Until Page Contains Element</arg>
<arg>${QUICK_BTN}</arg>
<arg>3s</arg>
<doc>Runs the given keyword with given arguments and returns the status as a Boolean value.</doc>
<status status="PASS" start="2025-08-20T10:01:28.857013" elapsed="0.027318"/>
</kw>
<arg>30s</arg>
<status status="PASS" start="2025-08-20T10:01:18.238513" elapsed="10.646107"/>
</kw>
<msg time="2025-08-20T10:01:28.884894" level="INFO">${ok} = True</msg>
<var>${ok}</var>
<arg>Wait Until Dashboard Ready</arg>
<arg>30s</arg>
<doc>Runs the given keyword with given arguments and returns the status as a Boolean value.</doc>
<status status="PASS" start="2025-08-20T10:01:18.237518" elapsed="10.647448"/>
</kw>
<kw name="Run Keyword Unless" owner="BuiltIn">
<msg time="2025-08-20T10:01:28.885470" level="WARN">Keyword 'BuiltIn.Run Keyword Unless' is deprecated. </msg>
<arg>${ok}</arg>
<arg>Fail</arg>
<arg>Không vào được Dashboard sau đăng nhập.</arg>
<doc>*DEPRECATED since RF 5.0. Use Native IF/ELSE or `Run Keyword If` instead.*</doc>
<status status="PASS" start="2025-08-20T10:01:28.885328" elapsed="0.000961"/>
</kw>
<status status="PASS" start="2025-08-20T10:01:07.991765" elapsed="20.894829"/>
</kw>
<test id="s1-t1" name="Smoke - On Dashboard After Login" line="26">
<kw name="Wait Until Dashboard Ready">
<kw name="Run Keyword And Return Status" owner="BuiltIn">
<kw name="Wait Until Page Contains Element" owner="SeleniumLibrary">
<msg time="2025-08-20T10:01:28.903078" level="WARN">Keyword 'Capture Page Screenshot' could not be run on failure: Message: invalid session id; For documentation on this error, please visit: https://www.selenium.dev/documentation/webdriver/troubleshooting/errors#invalidsessionidexception
Stacktrace:
	GetHandleVerifier [0x0x7ff648b878d5+2802741]
	GetHandleVerifier [0x0x7ff6488eeb70+79568]
	(No symbol) [0x0x7ff64868bf2c]
	(No symbol) [0x0x7ff6486d2dbf]
	(No symbol) [0x0x7ff64870ab52]
	(No symbol) [0x0x7ff648705663]
	(No symbol) [0x0x7ff648704729]
	(No symbol) [0x0x7ff648656fd5]
	GetHandleVerifier [0x0x7ff648bb2ced+2979917]
	GetHandleVerifier [0x0x7ff648bad0f3+2956371]
	GetHandleVerifier [0x0x7ff648bcacbd+3078173]
	GetHandleVerifier [0x0x7ff64890836e+184014]
	GetHandleVerifier [0x0x7ff64891024f+216495]
	(No symbol) [0x0x7ff648655fd1]
	GetHandleVerifier [0x0x7ff648cce1a8+4140296]
	BaseThreadInitThunk [0x0x7ff8bdc9e8d7+23]
	RtlUserThreadStart [0x0x7ff8bf61c34c+44]
</msg>
<msg time="2025-08-20T10:01:28.906662" level="FAIL">InvalidSessionIdException: Message: invalid session id; For documentation on this error, please visit: https://www.selenium.dev/documentation/webdriver/troubleshooting/errors#invalidsessionidexception
Stacktrace:
	GetHandleVerifier [0x0x7ff648b878d5+2802741]
	GetHandleVerifier [0x0x7ff6488eeb70+79568]
	(No symbol) [0x0x7ff64868bf2c]
	(No symbol) [0x0x7ff6486d2dbf]
	(No symbol) [0x0x7ff64870ab52]
	(No symbol) [0x0x7ff648705663]
	(No symbol) [0x0x7ff648704729]
	(No symbol) [0x0x7ff648656fd5]
	GetHandleVerifier [0x0x7ff648bb2ced+2979917]
	GetHandleVerifier [0x0x7ff648bad0f3+2956371]
	GetHandleVerifier [0x0x7ff648bcacbd+3078173]
	GetHandleVerifier [0x0x7ff64890836e+184014]
	GetHandleVerifier [0x0x7ff64891024f+216495]
	(No symbol) [0x0x7ff648655fd1]
	GetHandleVerifier [0x0x7ff648cce1a8+4140296]
	BaseThreadInitThunk [0x0x7ff8bdc9e8d7+23]
	RtlUserThreadStart [0x0x7ff8bf61c34c+44]
</msg>
<arg>${HELLO_BADGE}</arg>
<arg>${timeout}</arg>
<doc>Waits until the element ``locator`` appears on the current page.</doc>
<status status="FAIL" start="2025-08-20T10:01:28.890723" elapsed="0.025843">InvalidSessionIdException: Message: invalid session id; For documentation on this error, please visit: https://www.selenium.dev/documentation/webdriver/troubleshooting/errors#invalidsessionidexception
Stacktrace:
	GetHandleVerifier [0x0x7ff648b878d5+2802741]
	GetHandleVerifier [0x0x7ff6488eeb70+79568]
	(No symbol) [0x0x7ff64868bf2c]
	(No symbol) [0x0x7ff6486d2dbf]
	(No symbol) [0x0x7ff64870ab52]
	(No symbol) [0x0x7ff648705663]
	(No symbol) [0x0x7ff648704729]
	(No symbol) [0x0x7ff648656fd5]
	GetHandleVerifier [0x0x7ff648bb2ced+2979917]
	GetHandleVerifier [0x0x7ff648bad0f3+2956371]
	GetHandleVerifier [0x0x7ff648bcacbd+3078173]
	GetHandleVerifier [0x0x7ff64890836e+184014]
	GetHandleVerifier [0x0x7ff64891024f+216495]
	(No symbol) [0x0x7ff648655fd1]
	GetHandleVerifier [0x0x7ff648cce1a8+4140296]
	BaseThreadInitThunk [0x0x7ff8bdc9e8d7+23]
	RtlUserThreadStart [0x0x7ff8bf61c34c+44]
</status>
</kw>
<msg time="2025-08-20T10:01:28.916979" level="INFO">${ok1} = False</msg>
<var>${ok1}</var>
<arg>Wait Until Page Contains Element</arg>
<arg>${HELLO_BADGE}</arg>
<arg>${timeout}</arg>
<doc>Runs the given keyword with given arguments and returns the status as a Boolean value.</doc>
<status status="PASS" start="2025-08-20T10:01:28.890340" elapsed="0.026830"/>
</kw>
<kw name="Run Keyword And Return Status" owner="BuiltIn">
<kw name="Wait Until Page Contains Element" owner="SeleniumLibrary">
<msg time="2025-08-20T10:01:28.926482" level="WARN">Keyword 'Capture Page Screenshot' could not be run on failure: Message: invalid session id; For documentation on this error, please visit: https://www.selenium.dev/documentation/webdriver/troubleshooting/errors#invalidsessionidexception
Stacktrace:
	GetHandleVerifier [0x0x7ff648b878d5+2802741]
	GetHandleVerifier [0x0x7ff6488eeb70+79568]
	(No symbol) [0x0x7ff64868bf2c]
	(No symbol) [0x0x7ff6486d2dbf]
	(No symbol) [0x0x7ff64870ab52]
	(No symbol) [0x0x7ff648705663]
	(No symbol) [0x0x7ff648704729]
	(No symbol) [0x0x7ff648656fd5]
	GetHandleVerifier [0x0x7ff648bb2ced+2979917]
	GetHandleVerifier [0x0x7ff648bad0f3+2956371]
	GetHandleVerifier [0x0x7ff648bcacbd+3078173]
	GetHandleVerifier [0x0x7ff64890836e+184014]
	GetHandleVerifier [0x0x7ff64891024f+216495]
	(No symbol) [0x0x7ff648655fd1]
	GetHandleVerifier [0x0x7ff648cce1a8+4140296]
	BaseThreadInitThunk [0x0x7ff8bdc9e8d7+23]
	RtlUserThreadStart [0x0x7ff8bf61c34c+44]
</msg>
<msg time="2025-08-20T10:01:28.928911" level="FAIL">InvalidSessionIdException: Message: invalid session id; For documentation on this error, please visit: https://www.selenium.dev/documentation/webdriver/troubleshooting/errors#invalidsessionidexception
Stacktrace:
	GetHandleVerifier [0x0x7ff648b878d5+2802741]
	GetHandleVerifier [0x0x7ff6488eeb70+79568]
	(No symbol) [0x0x7ff64868bf2c]
	(No symbol) [0x0x7ff6486d2dbf]
	(No symbol) [0x0x7ff64870ab52]
	(No symbol) [0x0x7ff648705663]
	(No symbol) [0x0x7ff648704729]
	(No symbol) [0x0x7ff648656fd5]
	GetHandleVerifier [0x0x7ff648bb2ced+2979917]
	GetHandleVerifier [0x0x7ff648bad0f3+2956371]
	GetHandleVerifier [0x0x7ff648bcacbd+3078173]
	GetHandleVerifier [0x0x7ff64890836e+184014]
	GetHandleVerifier [0x0x7ff64891024f+216495]
	(No symbol) [0x0x7ff648655fd1]
	GetHandleVerifier [0x0x7ff648cce1a8+4140296]
	BaseThreadInitThunk [0x0x7ff8bdc9e8d7+23]
	RtlUserThreadStart [0x0x7ff8bf61c34c+44]
</msg>
<arg>${MENU_CLASSES}</arg>
<arg>3s</arg>
<doc>Waits until the element ``locator`` appears on the current page.</doc>
<status status="FAIL" start="2025-08-20T10:01:28.918038" elapsed="0.051385">InvalidSessionIdException: Message: invalid session id; For documentation on this error, please visit: https://www.selenium.dev/documentation/webdriver/troubleshooting/errors#invalidsessionidexception
Stacktrace:
	GetHandleVerifier [0x0x7ff648b878d5+2802741]
	GetHandleVerifier [0x0x7ff6488eeb70+79568]
	(No symbol) [0x0x7ff64868bf2c]
	(No symbol) [0x0x7ff6486d2dbf]
	(No symbol) [0x0x7ff64870ab52]
	(No symbol) [0x0x7ff648705663]
	(No symbol) [0x0x7ff648704729]
	(No symbol) [0x0x7ff648656fd5]
	GetHandleVerifier [0x0x7ff648bb2ced+2979917]
	GetHandleVerifier [0x0x7ff648bad0f3+2956371]
	GetHandleVerifier [0x0x7ff648bcacbd+3078173]
	GetHandleVerifier [0x0x7ff64890836e+184014]
	GetHandleVerifier [0x0x7ff64891024f+216495]
	(No symbol) [0x0x7ff648655fd1]
	GetHandleVerifier [0x0x7ff648cce1a8+4140296]
	BaseThreadInitThunk [0x0x7ff8bdc9e8d7+23]
	RtlUserThreadStart [0x0x7ff8bf61c34c+44]
</status>
</kw>
<msg time="2025-08-20T10:01:28.969919" level="INFO">${ok2} = False</msg>
<var>${ok2}</var>
<arg>Wait Until Page Contains Element</arg>
<arg>${MENU_CLASSES}</arg>
<arg>3s</arg>
<doc>Runs the given keyword with given arguments and returns the status as a Boolean value.</doc>
<status status="PASS" start="2025-08-20T10:01:28.917603" elapsed="0.052394"/>
</kw>
<kw name="Run Keyword And Return Status" owner="BuiltIn">
<kw name="Wait Until Page Contains Element" owner="SeleniumLibrary">
<msg time="2025-08-20T10:01:28.988263" level="WARN">Keyword 'Capture Page Screenshot' could not be run on failure: Message: invalid session id; For documentation on this error, please visit: https://www.selenium.dev/documentation/webdriver/troubleshooting/errors#invalidsessionidexception
Stacktrace:
	GetHandleVerifier [0x0x7ff648b878d5+2802741]
	GetHandleVerifier [0x0x7ff6488eeb70+79568]
	(No symbol) [0x0x7ff64868bf2c]
	(No symbol) [0x0x7ff6486d2dbf]
	(No symbol) [0x0x7ff64870ab52]
	(No symbol) [0x0x7ff648705663]
	(No symbol) [0x0x7ff648704729]
	(No symbol) [0x0x7ff648656fd5]
	GetHandleVerifier [0x0x7ff648bb2ced+2979917]
	GetHandleVerifier [0x0x7ff648bad0f3+2956371]
	GetHandleVerifier [0x0x7ff648bcacbd+3078173]
	GetHandleVerifier [0x0x7ff64890836e+184014]
	GetHandleVerifier [0x0x7ff64891024f+216495]
	(No symbol) [0x0x7ff648655fd1]
	GetHandleVerifier [0x0x7ff648cce1a8+4140296]
	BaseThreadInitThunk [0x0x7ff8bdc9e8d7+23]
	RtlUserThreadStart [0x0x7ff8bf61c34c+44]
</msg>
<msg time="2025-08-20T10:01:29.018805" level="FAIL">InvalidSessionIdException: Message: invalid session id; For documentation on this error, please visit: https://www.selenium.dev/documentation/webdriver/troubleshooting/errors#invalidsessionidexception
Stacktrace:
	GetHandleVerifier [0x0x7ff648b878d5+2802741]
	GetHandleVerifier [0x0x7ff6488eeb70+79568]
	(No symbol) [0x0x7ff64868bf2c]
	(No symbol) [0x0x7ff6486d2dbf]
	(No symbol) [0x0x7ff64870ab52]
	(No symbol) [0x0x7ff648705663]
	(No symbol) [0x0x7ff648704729]
	(No symbol) [0x0x7ff648656fd5]
	GetHandleVerifier [0x0x7ff648bb2ced+2979917]
	GetHandleVerifier [0x0x7ff648bad0f3+2956371]
	GetHandleVerifier [0x0x7ff648bcacbd+3078173]
	GetHandleVerifier [0x0x7ff64890836e+184014]
	GetHandleVerifier [0x0x7ff64891024f+216495]
	(No symbol) [0x0x7ff648655fd1]
	GetHandleVerifier [0x0x7ff648cce1a8+4140296]
	BaseThreadInitThunk [0x0x7ff8bdc9e8d7+23]
	RtlUserThreadStart [0x0x7ff8bf61c34c+44]
</msg>
<arg>${QB_MENU}</arg>
<arg>3s</arg>
<doc>Waits until the element ``locator`` appears on the current page.</doc>
<status status="FAIL" start="2025-08-20T10:01:28.976878" elapsed="0.055196">InvalidSessionIdException: Message: invalid session id; For documentation on this error, please visit: https://www.selenium.dev/documentation/webdriver/troubleshooting/errors#invalidsessionidexception
Stacktrace:
	GetHandleVerifier [0x0x7ff648b878d5+2802741]
	GetHandleVerifier [0x0x7ff6488eeb70+79568]
	(No symbol) [0x0x7ff64868bf2c]
	(No symbol) [0x0x7ff6486d2dbf]
	(No symbol) [0x0x7ff64870ab52]
	(No symbol) [0x0x7ff648705663]
	(No symbol) [0x0x7ff648704729]
	(No symbol) [0x0x7ff648656fd5]
	GetHandleVerifier [0x0x7ff648bb2ced+2979917]
	GetHandleVerifier [0x0x7ff648bad0f3+2956371]
	GetHandleVerifier [0x0x7ff648bcacbd+3078173]
	GetHandleVerifier [0x0x7ff64890836e+184014]
	GetHandleVerifier [0x0x7ff64891024f+216495]
	(No symbol) [0x0x7ff648655fd1]
	GetHandleVerifier [0x0x7ff648cce1a8+4140296]
	BaseThreadInitThunk [0x0x7ff8bdc9e8d7+23]
	RtlUserThreadStart [0x0x7ff8bf61c34c+44]
</status>
</kw>
<msg time="2025-08-20T10:01:29.032710" level="INFO">${ok3} = False</msg>
<var>${ok3}</var>
<arg>Wait Until Page Contains Element</arg>
<arg>${QB_MENU}</arg>
<arg>3s</arg>
<doc>Runs the given keyword with given arguments and returns the status as a Boolean value.</doc>
<status status="PASS" start="2025-08-20T10:01:28.970329" elapsed="0.062477"/>
</kw>
<kw name="Run Keyword And Return Status" owner="BuiltIn">
<kw name="Wait Until Page Contains Element" owner="SeleniumLibrary">
<msg time="2025-08-20T10:01:29.049436" level="WARN">Keyword 'Capture Page Screenshot' could not be run on failure: Message: invalid session id; For documentation on this error, please visit: https://www.selenium.dev/documentation/webdriver/troubleshooting/errors#invalidsessionidexception
Stacktrace:
	GetHandleVerifier [0x0x7ff648b878d5+2802741]
	GetHandleVerifier [0x0x7ff6488eeb70+79568]
	(No symbol) [0x0x7ff64868bf2c]
	(No symbol) [0x0x7ff6486d2dbf]
	(No symbol) [0x0x7ff64870ab52]
	(No symbol) [0x0x7ff648705663]
	(No symbol) [0x0x7ff648704729]
	(No symbol) [0x0x7ff648656fd5]
	GetHandleVerifier [0x0x7ff648bb2ced+2979917]
	GetHandleVerifier [0x0x7ff648bad0f3+2956371]
	GetHandleVerifier [0x0x7ff648bcacbd+3078173]
	GetHandleVerifier [0x0x7ff64890836e+184014]
	GetHandleVerifier [0x0x7ff64891024f+216495]
	(No symbol) [0x0x7ff648655fd1]
	GetHandleVerifier [0x0x7ff648cce1a8+4140296]
	BaseThreadInitThunk [0x0x7ff8bdc9e8d7+23]
	RtlUserThreadStart [0x0x7ff8bf61c34c+44]
</msg>
<msg time="2025-08-20T10:01:29.053432" level="FAIL">InvalidSessionIdException: Message: invalid session id; For documentation on this error, please visit: https://www.selenium.dev/documentation/webdriver/troubleshooting/errors#invalidsessionidexception
Stacktrace:
	GetHandleVerifier [0x0x7ff648b878d5+2802741]
	GetHandleVerifier [0x0x7ff6488eeb70+79568]
	(No symbol) [0x0x7ff64868bf2c]
	(No symbol) [0x0x7ff6486d2dbf]
	(No symbol) [0x0x7ff64870ab52]
	(No symbol) [0x0x7ff648705663]
	(No symbol) [0x0x7ff648704729]
	(No symbol) [0x0x7ff648656fd5]
	GetHandleVerifier [0x0x7ff648bb2ced+2979917]
	GetHandleVerifier [0x0x7ff648bad0f3+2956371]
	GetHandleVerifier [0x0x7ff648bcacbd+3078173]
	GetHandleVerifier [0x0x7ff64890836e+184014]
	GetHandleVerifier [0x0x7ff64891024f+216495]
	(No symbol) [0x0x7ff648655fd1]
	GetHandleVerifier [0x0x7ff648cce1a8+4140296]
	BaseThreadInitThunk [0x0x7ff8bdc9e8d7+23]
	RtlUserThreadStart [0x0x7ff8bf61c34c+44]
</msg>
<arg>${QUICK_BTN}</arg>
<arg>3s</arg>
<doc>Waits until the element ``locator`` appears on the current page.</doc>
<status status="FAIL" start="2025-08-20T10:01:29.033662" elapsed="0.024415">InvalidSessionIdException: Message: invalid session id; For documentation on this error, please visit: https://www.selenium.dev/documentation/webdriver/troubleshooting/errors#invalidsessionidexception
Stacktrace:
	GetHandleVerifier [0x0x7ff648b878d5+2802741]
	GetHandleVerifier [0x0x7ff6488eeb70+79568]
	(No symbol) [0x0x7ff64868bf2c]
	(No symbol) [0x0x7ff6486d2dbf]
	(No symbol) [0x0x7ff64870ab52]
	(No symbol) [0x0x7ff648705663]
	(No symbol) [0x0x7ff648704729]
	(No symbol) [0x0x7ff648656fd5]
	GetHandleVerifier [0x0x7ff648bb2ced+2979917]
	GetHandleVerifier [0x0x7ff648bad0f3+2956371]
	GetHandleVerifier [0x0x7ff648bcacbd+3078173]
	GetHandleVerifier [0x0x7ff64890836e+184014]
	GetHandleVerifier [0x0x7ff64891024f+216495]
	(No symbol) [0x0x7ff648655fd1]
	GetHandleVerifier [0x0x7ff648cce1a8+4140296]
	BaseThreadInitThunk [0x0x7ff8bdc9e8d7+23]
	RtlUserThreadStart [0x0x7ff8bf61c34c+44]
</status>
</kw>
<msg time="2025-08-20T10:01:29.062189" level="INFO">${ok4} = False</msg>
<var>${ok4}</var>
<arg>Wait Until Page Contains Element</arg>
<arg>${QUICK_BTN}</arg>
<arg>3s</arg>
<doc>Runs the given keyword with given arguments and returns the status as a Boolean value.</doc>
<status status="PASS" start="2025-08-20T10:01:29.033193" elapsed="0.030013"/>
</kw>
<arg>30s</arg>
<status status="PASS" start="2025-08-20T10:01:28.889458" elapsed="0.174123"/>
</kw>
<kw name="Log To Console" owner="BuiltIn">
<arg>\n[PASS] Dashboard loaded.\n</arg>
<doc>Logs the given message to the console.</doc>
<status status="PASS" start="2025-08-20T10:01:29.064173" elapsed="0.001325"/>
</kw>
<timeout value="3 minutes"/>
<status status="PASS" start="2025-08-20T10:01:28.887202" elapsed="0.179071"/>
</test>
<kw name="Close All Browsers" owner="SeleniumLibrary" type="TEARDOWN">
<doc>Closes all open browsers and resets the browser cache.</doc>
<status status="PASS" start="2025-08-20T10:01:29.068265" elapsed="2.184115"/>
</kw>
<doc>Login -&gt; ép về /en/dashboard/ -&gt; verify bằng các marker thật (Xin chào, menu Lớp học, các nút Quản lý ...)</doc>
<status status="PASS" start="2025-08-20T10:01:07.360530" elapsed="23.892066"/>
</suite>
<statistics>
<total>
<stat pass="1" fail="0" skip="0">All Tests</stat>
</total>
<tag>
</tag>
<suite>
<stat name="FAY" id="s1" pass="1" fail="0" skip="0">FAY</stat>
</suite>
</statistics>
<errors>
<msg time="2025-08-20T10:01:28.513891" level="WARN">Keyword 'Capture Page Screenshot' could not be run on failure: Message: invalid session id: session deleted as the browser has closed the connection
from disconnected: not connected to DevTools
  (Session info: chrome=139.0.7258.128); For documentation on this error, please visit: https://www.selenium.dev/documentation/webdriver/troubleshooting/errors#invalidsessionidexception
Stacktrace:
	GetHandleVerifier [0x0x7ff648b878d5+2802741]
	GetHandleVerifier [0x0x7ff6488eeb70+79568]
	(No symbol) [0x0x7ff64868c0fa]
	(No symbol) [0x0x7ff648678365]
	(No symbol) [0x0x7ff64869cef4]
	(No symbol) [0x0x7ff6487122c5]
	(No symbol) [0x0x7ff648732752]
	(No symbol) [0x0x7ff64870aa63]
	(No symbol) [0x0x7ff6486d3c91]
	(No symbol) [0x0x7ff6486d4a23]
	GetHandleVerifier [0x0x7ff648bb2ced+2979917]
	GetHandleVerifier [0x0x7ff648bad0f3+2956371]
	GetHandleVerifier [0x0x7ff648bcacbd+3078173]
	GetHandleVerifier [0x0x7ff64890836e+184014]
	GetHandleVerifier [0x0x7ff64891024f+216495]
	GetHandleVerifier [0x0x7ff6488f70c4+113700]
	GetHandleVerifier [0x0x7ff6488f7279+114137]
	GetHandleVerifier [0x0x7ff6488ddf78+10968]
	BaseThreadInitThunk [0x0x7ff8bdc9e8d7+23]
	RtlUserThreadStart [0x0x7ff8bf61c34c+44]
</msg>
<msg time="2025-08-20T10:01:28.779545" level="WARN">Keyword 'Capture Page Screenshot' could not be run on failure: Message: invalid session id; For documentation on this error, please visit: https://www.selenium.dev/documentation/webdriver/troubleshooting/errors#invalidsessionidexception
Stacktrace:
	GetHandleVerifier [0x0x7ff648b878d5+2802741]
	GetHandleVerifier [0x0x7ff6488eeb70+79568]
	(No symbol) [0x0x7ff64868bf2c]
	(No symbol) [0x0x7ff6486d2dbf]
	(No symbol) [0x0x7ff64870ab52]
	(No symbol) [0x0x7ff648705663]
	(No symbol) [0x0x7ff648704729]
	(No symbol) [0x0x7ff648656fd5]
	GetHandleVerifier [0x0x7ff648bb2ced+2979917]
	GetHandleVerifier [0x0x7ff648bad0f3+2956371]
	GetHandleVerifier [0x0x7ff648bcacbd+3078173]
	GetHandleVerifier [0x0x7ff64890836e+184014]
	GetHandleVerifier [0x0x7ff64891024f+216495]
	(No symbol) [0x0x7ff648655fd1]
	GetHandleVerifier [0x0x7ff648cce1a8+4140296]
	BaseThreadInitThunk [0x0x7ff8bdc9e8d7+23]
	RtlUserThreadStart [0x0x7ff8bf61c34c+44]
</msg>
<msg time="2025-08-20T10:01:28.802284" level="WARN">Keyword 'Capture Page Screenshot' could not be run on failure: Message: invalid session id; For documentation on this error, please visit: https://www.selenium.dev/documentation/webdriver/troubleshooting/errors#invalidsessionidexception
Stacktrace:
	GetHandleVerifier [0x0x7ff648b878d5+2802741]
	GetHandleVerifier [0x0x7ff6488eeb70+79568]
	(No symbol) [0x0x7ff64868bf2c]
	(No symbol) [0x0x7ff6486d2dbf]
	(No symbol) [0x0x7ff64870ab52]
	(No symbol) [0x0x7ff648705663]
	(No symbol) [0x0x7ff648704729]
	(No symbol) [0x0x7ff648656fd5]
	GetHandleVerifier [0x0x7ff648bb2ced+2979917]
	GetHandleVerifier [0x0x7ff648bad0f3+2956371]
	GetHandleVerifier [0x0x7ff648bcacbd+3078173]
	GetHandleVerifier [0x0x7ff64890836e+184014]
	GetHandleVerifier [0x0x7ff64891024f+216495]
	(No symbol) [0x0x7ff648655fd1]
	GetHandleVerifier [0x0x7ff648cce1a8+4140296]
	BaseThreadInitThunk [0x0x7ff8bdc9e8d7+23]
	RtlUserThreadStart [0x0x7ff8bf61c34c+44]
</msg>
<msg time="2025-08-20T10:01:28.873079" level="WARN">Keyword 'Capture Page Screenshot' could not be run on failure: Message: invalid session id; For documentation on this error, please visit: https://www.selenium.dev/documentation/webdriver/troubleshooting/errors#invalidsessionidexception
Stacktrace:
	GetHandleVerifier [0x0x7ff648b878d5+2802741]
	GetHandleVerifier [0x0x7ff6488eeb70+79568]
	(No symbol) [0x0x7ff64868bf2c]
	(No symbol) [0x0x7ff6486d2dbf]
	(No symbol) [0x0x7ff64870ab52]
	(No symbol) [0x0x7ff648705663]
	(No symbol) [0x0x7ff648704729]
	(No symbol) [0x0x7ff648656fd5]
	GetHandleVerifier [0x0x7ff648bb2ced+2979917]
	GetHandleVerifier [0x0x7ff648bad0f3+2956371]
	GetHandleVerifier [0x0x7ff648bcacbd+3078173]
	GetHandleVerifier [0x0x7ff64890836e+184014]
	GetHandleVerifier [0x0x7ff64891024f+216495]
	(No symbol) [0x0x7ff648655fd1]
	GetHandleVerifier [0x0x7ff648cce1a8+4140296]
	BaseThreadInitThunk [0x0x7ff8bdc9e8d7+23]
	RtlUserThreadStart [0x0x7ff8bf61c34c+44]
</msg>
<msg time="2025-08-20T10:01:28.885470" level="WARN">Keyword 'BuiltIn.Run Keyword Unless' is deprecated. </msg>
<msg time="2025-08-20T10:01:28.903078" level="WARN">Keyword 'Capture Page Screenshot' could not be run on failure: Message: invalid session id; For documentation on this error, please visit: https://www.selenium.dev/documentation/webdriver/troubleshooting/errors#invalidsessionidexception
Stacktrace:
	GetHandleVerifier [0x0x7ff648b878d5+2802741]
	GetHandleVerifier [0x0x7ff6488eeb70+79568]
	(No symbol) [0x0x7ff64868bf2c]
	(No symbol) [0x0x7ff6486d2dbf]
	(No symbol) [0x0x7ff64870ab52]
	(No symbol) [0x0x7ff648705663]
	(No symbol) [0x0x7ff648704729]
	(No symbol) [0x0x7ff648656fd5]
	GetHandleVerifier [0x0x7ff648bb2ced+2979917]
	GetHandleVerifier [0x0x7ff648bad0f3+2956371]
	GetHandleVerifier [0x0x7ff648bcacbd+3078173]
	GetHandleVerifier [0x0x7ff64890836e+184014]
	GetHandleVerifier [0x0x7ff64891024f+216495]
	(No symbol) [0x0x7ff648655fd1]
	GetHandleVerifier [0x0x7ff648cce1a8+4140296]
	BaseThreadInitThunk [0x0x7ff8bdc9e8d7+23]
	RtlUserThreadStart [0x0x7ff8bf61c34c+44]
</msg>
<msg time="2025-08-20T10:01:28.926482" level="WARN">Keyword 'Capture Page Screenshot' could not be run on failure: Message: invalid session id; For documentation on this error, please visit: https://www.selenium.dev/documentation/webdriver/troubleshooting/errors#invalidsessionidexception
Stacktrace:
	GetHandleVerifier [0x0x7ff648b878d5+2802741]
	GetHandleVerifier [0x0x7ff6488eeb70+79568]
	(No symbol) [0x0x7ff64868bf2c]
	(No symbol) [0x0x7ff6486d2dbf]
	(No symbol) [0x0x7ff64870ab52]
	(No symbol) [0x0x7ff648705663]
	(No symbol) [0x0x7ff648704729]
	(No symbol) [0x0x7ff648656fd5]
	GetHandleVerifier [0x0x7ff648bb2ced+2979917]
	GetHandleVerifier [0x0x7ff648bad0f3+2956371]
	GetHandleVerifier [0x0x7ff648bcacbd+3078173]
	GetHandleVerifier [0x0x7ff64890836e+184014]
	GetHandleVerifier [0x0x7ff64891024f+216495]
	(No symbol) [0x0x7ff648655fd1]
	GetHandleVerifier [0x0x7ff648cce1a8+4140296]
	BaseThreadInitThunk [0x0x7ff8bdc9e8d7+23]
	RtlUserThreadStart [0x0x7ff8bf61c34c+44]
</msg>
<msg time="2025-08-20T10:01:28.988263" level="WARN">Keyword 'Capture Page Screenshot' could not be run on failure: Message: invalid session id; For documentation on this error, please visit: https://www.selenium.dev/documentation/webdriver/troubleshooting/errors#invalidsessionidexception
Stacktrace:
	GetHandleVerifier [0x0x7ff648b878d5+2802741]
	GetHandleVerifier [0x0x7ff6488eeb70+79568]
	(No symbol) [0x0x7ff64868bf2c]
	(No symbol) [0x0x7ff6486d2dbf]
	(No symbol) [0x0x7ff64870ab52]
	(No symbol) [0x0x7ff648705663]
	(No symbol) [0x0x7ff648704729]
	(No symbol) [0x0x7ff648656fd5]
	GetHandleVerifier [0x0x7ff648bb2ced+2979917]
	GetHandleVerifier [0x0x7ff648bad0f3+2956371]
	GetHandleVerifier [0x0x7ff648bcacbd+3078173]
	GetHandleVerifier [0x0x7ff64890836e+184014]
	GetHandleVerifier [0x0x7ff64891024f+216495]
	(No symbol) [0x0x7ff648655fd1]
	GetHandleVerifier [0x0x7ff648cce1a8+4140296]
	BaseThreadInitThunk [0x0x7ff8bdc9e8d7+23]
	RtlUserThreadStart [0x0x7ff8bf61c34c+44]
</msg>
<msg time="2025-08-20T10:01:29.049436" level="WARN">Keyword 'Capture Page Screenshot' could not be run on failure: Message: invalid session id; For documentation on this error, please visit: https://www.selenium.dev/documentation/webdriver/troubleshooting/errors#invalidsessionidexception
Stacktrace:
	GetHandleVerifier [0x0x7ff648b878d5+2802741]
	GetHandleVerifier [0x0x7ff6488eeb70+79568]
	(No symbol) [0x0x7ff64868bf2c]
	(No symbol) [0x0x7ff6486d2dbf]
	(No symbol) [0x0x7ff64870ab52]
	(No symbol) [0x0x7ff648705663]
	(No symbol) [0x0x7ff648704729]
	(No symbol) [0x0x7ff648656fd5]
	GetHandleVerifier [0x0x7ff648bb2ced+2979917]
	GetHandleVerifier [0x0x7ff648bad0f3+2956371]
	GetHandleVerifier [0x0x7ff648bcacbd+3078173]
	GetHandleVerifier [0x0x7ff64890836e+184014]
	GetHandleVerifier [0x0x7ff64891024f+216495]
	(No symbol) [0x0x7ff648655fd1]
	GetHandleVerifier [0x0x7ff648cce1a8+4140296]
	BaseThreadInitThunk [0x0x7ff8bdc9e8d7+23]
	RtlUserThreadStart [0x0x7ff8bf61c34c+44]
</msg>
</errors>
</robot>
