<?xml version="1.0" encoding="UTF-8"?>
<robot generator="Robot 7.3.2 (Python 3.9.13 on win32)" generated="2025-08-20T13:30:33.732294" rpa="false" schemaversion="5">
<suite id="s1" name="TestAnalysis" source="D:\JAV siu\iventory_management\KienTruc_University\LecturerPage\Test\TestAnalysis.robot">
<kw name="Open Browser And Login" owner="TestAnalysis" type="SETUP">
<kw name="Open Browser" owner="SeleniumLibrary">
<msg time="2025-08-20T13:30:33.930062" level="INFO">Opening browser 'chrome' to base url 'https://demo-clo.minds.vn'.</msg>
<arg>${BASE_URL}</arg>
<arg>${BROWSER}</arg>
<doc>Opens a new browser instance to the optional ``url``.</doc>
<status status="PASS" start="2025-08-20T13:30:33.930062" elapsed="7.245267"/>
</kw>
<kw name="Maximize Browser Window" owner="SeleniumLibrary">
<doc>Maximizes current browser window.</doc>
<status status="PASS" start="2025-08-20T13:30:41.176333" elapsed="0.040374"/>
</kw>
<kw name="Wait Until Page Contains Element" owner="SeleniumLibrary">
<arg>${H_LOGIN}</arg>
<arg>20s</arg>
<doc>Waits until the element ``locator`` appears on the current page.</doc>
<status status="PASS" start="2025-08-20T13:30:41.217710" elapsed="0.034186"/>
</kw>
<kw name="Input Text" owner="SeleniumLibrary">
<msg time="2025-08-20T13:30:41.252906" level="INFO">Typing text 'lecturer1' into text field 'xpath=//form//input[@id="id_username"]'.</msg>
<arg>${H_LOGIN}</arg>
<arg>${USERNAME}</arg>
<doc>Types the given ``text`` into the text field identified by ``locator``.</doc>
<status status="PASS" start="2025-08-20T13:30:41.251896" elapsed="0.140014"/>
</kw>
<kw name="Input Password" owner="SeleniumLibrary">
<msg time="2025-08-20T13:30:41.394467" level="INFO">Typing password into text field 'xpath=//form//input[@id="id_password"]'.</msg>
<msg time="2025-08-20T13:30:41.459038" level="INFO">Temporally setting log level to: NONE</msg>
<arg>${P_LOGIN}</arg>
<arg>${PASSWORD}</arg>
<doc>Types the given password into the text field identified by ``locator``.</doc>
<status status="PASS" start="2025-08-20T13:30:41.393388" elapsed="0.112323"/>
</kw>
<kw name="Click Button" owner="SeleniumLibrary">
<msg time="2025-08-20T13:30:41.505711" level="INFO">Clicking button 'xpath=//button[normalize-space(.)="Đăng nhập" or normalize-space(.)="Login"]'.</msg>
<arg>${BTN_LOGIN}</arg>
<doc>Clicks the button identified by ``locator``.</doc>
<status status="PASS" start="2025-08-20T13:30:41.505711" elapsed="5.304226"/>
</kw>
<kw name="Wait Until Page Contains Element" owner="SeleniumLibrary">
<arg>xpath=//a[contains(@href,'/questionbank') or contains(@href,'/test-analysis') or contains(@href,'/dashboard')]</arg>
<arg>30s</arg>
<doc>Waits until the element ``locator`` appears on the current page.</doc>
<status status="PASS" start="2025-08-20T13:30:46.809937" elapsed="0.010484"/>
</kw>
<status status="PASS" start="2025-08-20T13:30:33.930062" elapsed="12.890359"/>
</kw>
<test id="s1-t1" name="TA-01 - Empty state khi chưa có phân tích" line="10">
<kw name="Open Test Analysis Page" owner="TestAnalysis">
<kw name="Go To" owner="SeleniumLibrary">
<msg time="2025-08-20T13:30:46.839031" level="INFO">Opening url 'https://demo-clo.minds.vn/vi/test-analysis'</msg>
<arg>${BASE_URL}/vi/test-analysis</arg>
<doc>Navigates the current browser window to the provided ``url``.</doc>
<status status="PASS" start="2025-08-20T13:30:46.828940" elapsed="0.665995"/>
</kw>
<kw name="Run Keyword And Return Status" owner="BuiltIn">
<kw name="Wait For TALanded" owner="TestAnalysis">
<kw name="Run Keyword And Return Status" owner="BuiltIn">
<kw name="Wait Until Page Contains Element" owner="SeleniumLibrary">
<msg time="2025-08-20T13:30:56.228717" level="INFO" html="true">&lt;/td&gt;&lt;/tr&gt;&lt;tr&gt;&lt;td colspan="3"&gt;&lt;a href="selenium-screenshot-9053.png"&gt;&lt;img src="selenium-screenshot-9053.png" width="800px"&gt;&lt;/a&gt;</msg>
<msg time="2025-08-20T13:30:56.228717" level="FAIL">Element 'xpath=//h1[normalize-space(.)='Phân tích bài kiểm tra' or normalize-space(.)='Test Analysis']' did not appear in 8 seconds.</msg>
<arg>${TA_MARK_H1}</arg>
<arg>${timeout}</arg>
<doc>Waits until the element ``locator`` appears on the current page.</doc>
<status status="FAIL" start="2025-08-20T13:30:47.496942" elapsed="8.733432">Element 'xpath=//h1[normalize-space(.)='Phân tích bài kiểm tra' or normalize-space(.)='Test Analysis']' did not appear in 8 seconds.</status>
</kw>
<msg time="2025-08-20T13:30:56.231373" level="INFO">${m1} = False</msg>
<var>${m1}</var>
<arg>Wait Until Page Contains Element</arg>
<arg>${TA_MARK_H1}</arg>
<arg>${timeout}</arg>
<doc>Runs the given keyword with given arguments and returns the status as a Boolean value.</doc>
<status status="PASS" start="2025-08-20T13:30:47.496942" elapsed="8.734431"/>
</kw>
<kw name="Run Keyword And Return Status" owner="BuiltIn">
<kw name="Wait Until Page Contains Element" owner="SeleniumLibrary">
<msg time="2025-08-20T13:30:58.675089" level="INFO" html="true">&lt;/td&gt;&lt;/tr&gt;&lt;tr&gt;&lt;td colspan="3"&gt;&lt;a href="selenium-screenshot-9054.png"&gt;&lt;img src="selenium-screenshot-9054.png" width="800px"&gt;&lt;/a&gt;</msg>
<msg time="2025-08-20T13:30:58.675089" level="FAIL">Element 'css:input[placeholder*="Search test analyses"]' did not appear in 2 seconds.</msg>
<arg>${TA_MARK_SEARCH}</arg>
<arg>2s</arg>
<doc>Waits until the element ``locator`` appears on the current page.</doc>
<status status="FAIL" start="2025-08-20T13:30:56.231373" elapsed="2.444715">Element 'css:input[placeholder*="Search test analyses"]' did not appear in 2 seconds.</status>
</kw>
<msg time="2025-08-20T13:30:58.676088" level="INFO">${m2} = False</msg>
<var>${m2}</var>
<arg>Wait Until Page Contains Element</arg>
<arg>${TA_MARK_SEARCH}</arg>
<arg>2s</arg>
<doc>Runs the given keyword with given arguments and returns the status as a Boolean value.</doc>
<status status="PASS" start="2025-08-20T13:30:56.231373" elapsed="2.444715"/>
</kw>
<kw name="Run Keyword And Return Status" owner="BuiltIn">
<kw name="Wait Until Page Contains Element" owner="SeleniumLibrary">
<msg time="2025-08-20T13:31:01.088099" level="INFO" html="true">&lt;/td&gt;&lt;/tr&gt;&lt;tr&gt;&lt;td colspan="3"&gt;&lt;a href="selenium-screenshot-9055.png"&gt;&lt;img src="selenium-screenshot-9055.png" width="800px"&gt;&lt;/a&gt;</msg>
<msg time="2025-08-20T13:31:01.088099" level="FAIL">Element 'xpath=//h2[contains(normalize-space(.),'About')]' did not appear in 2 seconds.</msg>
<arg>${TA_MARK_ABOUT}</arg>
<arg>2s</arg>
<doc>Waits until the element ``locator`` appears on the current page.</doc>
<status status="FAIL" start="2025-08-20T13:30:58.676088" elapsed="2.412011">Element 'xpath=//h2[contains(normalize-space(.),'About')]' did not appear in 2 seconds.</status>
</kw>
<msg time="2025-08-20T13:31:01.089102" level="INFO">${m3} = False</msg>
<var>${m3}</var>
<arg>Wait Until Page Contains Element</arg>
<arg>${TA_MARK_ABOUT}</arg>
<arg>2s</arg>
<doc>Runs the given keyword with given arguments and returns the status as a Boolean value.</doc>
<status status="PASS" start="2025-08-20T13:30:58.676088" elapsed="2.413014"/>
</kw>
<kw name="Run Keyword And Return Status" owner="BuiltIn">
<kw name="Wait Until Page Contains Element" owner="SeleniumLibrary">
<msg time="2025-08-20T13:31:03.560980" level="INFO" html="true">&lt;/td&gt;&lt;/tr&gt;&lt;tr&gt;&lt;td colspan="3"&gt;&lt;a href="selenium-screenshot-9056.png"&gt;&lt;img src="selenium-screenshot-9056.png" width="800px"&gt;&lt;/a&gt;</msg>
<msg time="2025-08-20T13:31:03.561631" level="FAIL">Element 'xpath=//*[contains(normalize-space(.),'No test analyses found.')]' did not appear in 2 seconds.</msg>
<arg>${TA_MARK_EMPTY}</arg>
<arg>2s</arg>
<doc>Waits until the element ``locator`` appears on the current page.</doc>
<status status="FAIL" start="2025-08-20T13:31:01.089102" elapsed="2.472529">Element 'xpath=//*[contains(normalize-space(.),'No test analyses found.')]' did not appear in 2 seconds.</status>
</kw>
<msg time="2025-08-20T13:31:03.561631" level="INFO">${m4} = False</msg>
<var>${m4}</var>
<arg>Wait Until Page Contains Element</arg>
<arg>${TA_MARK_EMPTY}</arg>
<arg>2s</arg>
<doc>Runs the given keyword with given arguments and returns the status as a Boolean value.</doc>
<status status="PASS" start="2025-08-20T13:31:01.089102" elapsed="2.472529"/>
</kw>
<kw name="Run Keyword If" owner="BuiltIn">
<arg>${m1} or ${m2} or ${m3} or ${m4}</arg>
<arg>Return From Keyword</arg>
<doc>Runs the given keyword with the given arguments, if ``condition`` is true.</doc>
<status status="PASS" start="2025-08-20T13:31:03.563099" elapsed="0.000000"/>
</kw>
<kw name="Fail" owner="BuiltIn">
<msg time="2025-08-20T13:31:03.565522" level="FAIL">Test Analysis page markers not found within 8s.</msg>
<arg>Test Analysis page markers not found within ${timeout}.</arg>
<doc>Fails the test with the given message and optionally alters its tags.</doc>
<status status="FAIL" start="2025-08-20T13:31:03.563099" elapsed="0.002423">Test Analysis page markers not found within 8s.</status>
</kw>
<arg>8s</arg>
<status status="FAIL" start="2025-08-20T13:30:47.495934" elapsed="16.069588">Test Analysis page markers not found within 8s.</status>
</kw>
<msg time="2025-08-20T13:31:03.566985" level="INFO">${ok} = False</msg>
<var>${ok}</var>
<arg>Wait For TALanded</arg>
<arg>8s</arg>
<doc>Runs the given keyword with given arguments and returns the status as a Boolean value.</doc>
<status status="PASS" start="2025-08-20T13:30:47.494935" elapsed="16.072050"/>
</kw>
<if>
<branch type="IF" condition="not ${ok}">
<kw name="Go To" owner="SeleniumLibrary">
<msg time="2025-08-20T13:31:03.568998" level="INFO">Opening url 'https://demo-clo.minds.vn/en/test-analysis'</msg>
<arg>${BASE_URL}/en/test-analysis</arg>
<doc>Navigates the current browser window to the provided ``url``.</doc>
<status status="PASS" start="2025-08-20T13:31:03.567996" elapsed="0.658753"/>
</kw>
<kw name="Run Keyword And Return Status" owner="BuiltIn">
<kw name="Wait For TALanded" owner="TestAnalysis">
<kw name="Run Keyword And Return Status" owner="BuiltIn">
<kw name="Wait Until Page Contains Element" owner="SeleniumLibrary">
<msg time="2025-08-20T13:31:12.720718" level="INFO" html="true">&lt;/td&gt;&lt;/tr&gt;&lt;tr&gt;&lt;td colspan="3"&gt;&lt;a href="selenium-screenshot-9057.png"&gt;&lt;img src="selenium-screenshot-9057.png" width="800px"&gt;&lt;/a&gt;</msg>
<msg time="2025-08-20T13:31:12.720718" level="FAIL">Element 'xpath=//h1[normalize-space(.)='Phân tích bài kiểm tra' or normalize-space(.)='Test Analysis']' did not appear in 8 seconds.</msg>
<arg>${TA_MARK_H1}</arg>
<arg>${timeout}</arg>
<doc>Waits until the element ``locator`` appears on the current page.</doc>
<status status="FAIL" start="2025-08-20T13:31:04.228255" elapsed="8.492463">Element 'xpath=//h1[normalize-space(.)='Phân tích bài kiểm tra' or normalize-space(.)='Test Analysis']' did not appear in 8 seconds.</status>
</kw>
<msg time="2025-08-20T13:31:12.722819" level="INFO">${m1} = False</msg>
<var>${m1}</var>
<arg>Wait Until Page Contains Element</arg>
<arg>${TA_MARK_H1}</arg>
<arg>${timeout}</arg>
<doc>Runs the given keyword with given arguments and returns the status as a Boolean value.</doc>
<status status="PASS" start="2025-08-20T13:31:04.228255" elapsed="8.494564"/>
</kw>
<kw name="Run Keyword And Return Status" owner="BuiltIn">
<kw name="Wait Until Page Contains Element" owner="SeleniumLibrary">
<msg time="2025-08-20T13:31:15.194342" level="INFO" html="true">&lt;/td&gt;&lt;/tr&gt;&lt;tr&gt;&lt;td colspan="3"&gt;&lt;a href="selenium-screenshot-9058.png"&gt;&lt;img src="selenium-screenshot-9058.png" width="800px"&gt;&lt;/a&gt;</msg>
<msg time="2025-08-20T13:31:15.194342" level="FAIL">Element 'css:input[placeholder*="Search test analyses"]' did not appear in 2 seconds.</msg>
<arg>${TA_MARK_SEARCH}</arg>
<arg>2s</arg>
<doc>Waits until the element ``locator`` appears on the current page.</doc>
<status status="FAIL" start="2025-08-20T13:31:12.722819" elapsed="2.472564">Element 'css:input[placeholder*="Search test analyses"]' did not appear in 2 seconds.</status>
</kw>
<msg time="2025-08-20T13:31:15.195383" level="INFO">${m2} = False</msg>
<var>${m2}</var>
<arg>Wait Until Page Contains Element</arg>
<arg>${TA_MARK_SEARCH}</arg>
<arg>2s</arg>
<doc>Runs the given keyword with given arguments and returns the status as a Boolean value.</doc>
<status status="PASS" start="2025-08-20T13:31:12.722819" elapsed="2.472564"/>
</kw>
<kw name="Run Keyword And Return Status" owner="BuiltIn">
<kw name="Wait Until Page Contains Element" owner="SeleniumLibrary">
<msg time="2025-08-20T13:31:17.632312" level="INFO" html="true">&lt;/td&gt;&lt;/tr&gt;&lt;tr&gt;&lt;td colspan="3"&gt;&lt;a href="selenium-screenshot-9059.png"&gt;&lt;img src="selenium-screenshot-9059.png" width="800px"&gt;&lt;/a&gt;</msg>
<msg time="2025-08-20T13:31:17.632312" level="FAIL">Element 'xpath=//h2[contains(normalize-space(.),'About')]' did not appear in 2 seconds.</msg>
<arg>${TA_MARK_ABOUT}</arg>
<arg>2s</arg>
<doc>Waits until the element ``locator`` appears on the current page.</doc>
<status status="FAIL" start="2025-08-20T13:31:15.196386" elapsed="2.436926">Element 'xpath=//h2[contains(normalize-space(.),'About')]' did not appear in 2 seconds.</status>
</kw>
<msg time="2025-08-20T13:31:17.633312" level="INFO">${m3} = False</msg>
<var>${m3}</var>
<arg>Wait Until Page Contains Element</arg>
<arg>${TA_MARK_ABOUT}</arg>
<arg>2s</arg>
<doc>Runs the given keyword with given arguments and returns the status as a Boolean value.</doc>
<status status="PASS" start="2025-08-20T13:31:15.195383" elapsed="2.437929"/>
</kw>
<kw name="Run Keyword And Return Status" owner="BuiltIn">
<kw name="Wait Until Page Contains Element" owner="SeleniumLibrary">
<msg time="2025-08-20T13:31:20.053069" level="INFO" html="true">&lt;/td&gt;&lt;/tr&gt;&lt;tr&gt;&lt;td colspan="3"&gt;&lt;a href="selenium-screenshot-9060.png"&gt;&lt;img src="selenium-screenshot-9060.png" width="800px"&gt;&lt;/a&gt;</msg>
<msg time="2025-08-20T13:31:20.053069" level="FAIL">Element 'xpath=//*[contains(normalize-space(.),'No test analyses found.')]' did not appear in 2 seconds.</msg>
<arg>${TA_MARK_EMPTY}</arg>
<arg>2s</arg>
<doc>Waits until the element ``locator`` appears on the current page.</doc>
<status status="FAIL" start="2025-08-20T13:31:17.634311" elapsed="2.419756">Element 'xpath=//*[contains(normalize-space(.),'No test analyses found.')]' did not appear in 2 seconds.</status>
</kw>
<msg time="2025-08-20T13:31:20.054067" level="INFO">${m4} = False</msg>
<var>${m4}</var>
<arg>Wait Until Page Contains Element</arg>
<arg>${TA_MARK_EMPTY}</arg>
<arg>2s</arg>
<doc>Runs the given keyword with given arguments and returns the status as a Boolean value.</doc>
<status status="PASS" start="2025-08-20T13:31:17.633312" elapsed="2.420755"/>
</kw>
<kw name="Run Keyword If" owner="BuiltIn">
<arg>${m1} or ${m2} or ${m3} or ${m4}</arg>
<arg>Return From Keyword</arg>
<doc>Runs the given keyword with the given arguments, if ``condition`` is true.</doc>
<status status="PASS" start="2025-08-20T13:31:20.054067" elapsed="0.000000"/>
</kw>
<kw name="Fail" owner="BuiltIn">
<msg time="2025-08-20T13:31:20.055066" level="FAIL">Test Analysis page markers not found within 8s.</msg>
<arg>Test Analysis page markers not found within ${timeout}.</arg>
<doc>Fails the test with the given message and optionally alters its tags.</doc>
<status status="FAIL" start="2025-08-20T13:31:20.055066" elapsed="0.000000">Test Analysis page markers not found within 8s.</status>
</kw>
<arg>8s</arg>
<status status="FAIL" start="2025-08-20T13:31:04.226749" elapsed="15.828317">Test Analysis page markers not found within 8s.</status>
</kw>
<msg time="2025-08-20T13:31:20.055066" level="INFO">${ok} = False</msg>
<var>${ok}</var>
<arg>Wait For TALanded</arg>
<arg>8s</arg>
<doc>Runs the given keyword with given arguments and returns the status as a Boolean value.</doc>
<status status="PASS" start="2025-08-20T13:31:04.226749" elapsed="15.828317"/>
</kw>
<if>
<branch type="IF" condition="not ${ok}">
<kw name="Go To" owner="SeleniumLibrary">
<msg time="2025-08-20T13:31:20.056523" level="INFO">Opening url 'https://demo-clo.minds.vn'</msg>
<arg>${BASE_URL}</arg>
<doc>Navigates the current browser window to the provided ``url``.</doc>
<status status="PASS" start="2025-08-20T13:31:20.055066" elapsed="2.164834"/>
</kw>
<kw name="Wait Until Page Contains Element" owner="SeleniumLibrary">
<arg>${TA_MENU}</arg>
<arg>15s</arg>
<doc>Waits until the element ``locator`` appears on the current page.</doc>
<status status="PASS" start="2025-08-20T13:31:22.222671" elapsed="0.025643"/>
</kw>
<kw name="Safe Click" owner="TestAnalysis">
<kw name="Run Keyword And Return Status" owner="BuiltIn">
<kw name="Click Element" owner="SeleniumLibrary">
<msg time="2025-08-20T13:31:22.252845" level="INFO">Clicking element 'xpath=//a[contains(@href,'test-analysis') or contains(normalize-space(.),'Phân tích bài kiểm tra') or contains(normalize-space(.),'Test Analysis')]'.</msg>
<arg>${locator}</arg>
<doc>Click the element identified by ``locator``.</doc>
<status status="PASS" start="2025-08-20T13:31:22.250848" elapsed="0.806968"/>
</kw>
<msg time="2025-08-20T13:31:23.057816" level="INFO">${ok} = True</msg>
<var>${ok}</var>
<arg>Click Element</arg>
<arg>${locator}</arg>
<doc>Runs the given keyword with given arguments and returns the status as a Boolean value.</doc>
<status status="PASS" start="2025-08-20T13:31:22.250306" elapsed="0.807510"/>
</kw>
<if>
<branch type="IF" condition="not ${ok}">
<kw name="Get WebElement" owner="SeleniumLibrary">
<var>${el}</var>
<arg>${locator}</arg>
<doc>Returns the first WebElement matching the given ``locator``.</doc>
<status status="NOT RUN" start="2025-08-20T13:31:23.058821" elapsed="0.000509"/>
</kw>
<kw name="Execute Javascript" owner="SeleniumLibrary">
<arg>arguments[0].click();</arg>
<arg>${el}</arg>
<doc>Executes the given JavaScript code with possible arguments.</doc>
<status status="NOT RUN" start="2025-08-20T13:31:23.059330" elapsed="0.000000"/>
</kw>
<status status="NOT RUN" start="2025-08-20T13:31:23.057816" elapsed="0.001514"/>
</branch>
<status status="PASS" start="2025-08-20T13:31:23.057816" elapsed="0.001514"/>
</if>
<arg>${TA_MENU}</arg>
<status status="PASS" start="2025-08-20T13:31:22.248831" elapsed="0.811903"/>
</kw>
<kw name="Wait For TALanded" owner="TestAnalysis">
<kw name="Run Keyword And Return Status" owner="BuiltIn">
<kw name="Wait Until Page Contains Element" owner="SeleniumLibrary">
<arg>${TA_MARK_H1}</arg>
<arg>${timeout}</arg>
<doc>Waits until the element ``locator`` appears on the current page.</doc>
<status status="PASS" start="2025-08-20T13:31:23.064677" elapsed="0.026489"/>
</kw>
<msg time="2025-08-20T13:31:23.091166" level="INFO">${m1} = True</msg>
<var>${m1}</var>
<arg>Wait Until Page Contains Element</arg>
<arg>${TA_MARK_H1}</arg>
<arg>${timeout}</arg>
<doc>Runs the given keyword with given arguments and returns the status as a Boolean value.</doc>
<status status="PASS" start="2025-08-20T13:31:23.063673" elapsed="0.027493"/>
</kw>
<kw name="Run Keyword And Return Status" owner="BuiltIn">
<kw name="Wait Until Page Contains Element" owner="SeleniumLibrary">
<arg>${TA_MARK_SEARCH}</arg>
<arg>2s</arg>
<doc>Waits until the element ``locator`` appears on the current page.</doc>
<status status="PASS" start="2025-08-20T13:31:23.094233" elapsed="0.015472"/>
</kw>
<msg time="2025-08-20T13:31:23.109705" level="INFO">${m2} = True</msg>
<var>${m2}</var>
<arg>Wait Until Page Contains Element</arg>
<arg>${TA_MARK_SEARCH}</arg>
<arg>2s</arg>
<doc>Runs the given keyword with given arguments and returns the status as a Boolean value.</doc>
<status status="PASS" start="2025-08-20T13:31:23.092172" elapsed="0.017533"/>
</kw>
<kw name="Run Keyword And Return Status" owner="BuiltIn">
<kw name="Wait Until Page Contains Element" owner="SeleniumLibrary">
<msg time="2025-08-20T13:31:25.539005" level="INFO" html="true">&lt;/td&gt;&lt;/tr&gt;&lt;tr&gt;&lt;td colspan="3"&gt;&lt;a href="selenium-screenshot-9061.png"&gt;&lt;img src="selenium-screenshot-9061.png" width="800px"&gt;&lt;/a&gt;</msg>
<msg time="2025-08-20T13:31:25.540241" level="FAIL">Element 'xpath=//h2[contains(normalize-space(.),'About')]' did not appear in 2 seconds.</msg>
<arg>${TA_MARK_ABOUT}</arg>
<arg>2s</arg>
<doc>Waits until the element ``locator`` appears on the current page.</doc>
<status status="FAIL" start="2025-08-20T13:31:23.109705" elapsed="2.430536">Element 'xpath=//h2[contains(normalize-space(.),'About')]' did not appear in 2 seconds.</status>
</kw>
<msg time="2025-08-20T13:31:25.540241" level="INFO">${m3} = False</msg>
<var>${m3}</var>
<arg>Wait Until Page Contains Element</arg>
<arg>${TA_MARK_ABOUT}</arg>
<arg>2s</arg>
<doc>Runs the given keyword with given arguments and returns the status as a Boolean value.</doc>
<status status="PASS" start="2025-08-20T13:31:23.109705" elapsed="2.430536"/>
</kw>
<kw name="Run Keyword And Return Status" owner="BuiltIn">
<kw name="Wait Until Page Contains Element" owner="SeleniumLibrary">
<arg>${TA_MARK_EMPTY}</arg>
<arg>2s</arg>
<doc>Waits until the element ``locator`` appears on the current page.</doc>
<status status="PASS" start="2025-08-20T13:31:25.540241" elapsed="0.006046"/>
</kw>
<msg time="2025-08-20T13:31:25.546287" level="INFO">${m4} = True</msg>
<var>${m4}</var>
<arg>Wait Until Page Contains Element</arg>
<arg>${TA_MARK_EMPTY}</arg>
<arg>2s</arg>
<doc>Runs the given keyword with given arguments and returns the status as a Boolean value.</doc>
<status status="PASS" start="2025-08-20T13:31:25.540241" elapsed="0.006046"/>
</kw>
<kw name="Run Keyword If" owner="BuiltIn">
<kw name="Return From Keyword" owner="BuiltIn">
<msg time="2025-08-20T13:31:25.547799" level="INFO">Returning from the enclosing user keyword.</msg>
<doc>Returns from the enclosing user keyword.</doc>
<status status="PASS" start="2025-08-20T13:31:25.547799" elapsed="0.000000"/>
</kw>
<arg>${m1} or ${m2} or ${m3} or ${m4}</arg>
<arg>Return From Keyword</arg>
<doc>Runs the given keyword with the given arguments, if ``condition`` is true.</doc>
<status status="PASS" start="2025-08-20T13:31:25.546287" elapsed="0.001512"/>
</kw>
<kw name="Fail" owner="BuiltIn">
<arg>Test Analysis page markers not found within ${timeout}.</arg>
<doc>Fails the test with the given message and optionally alters its tags.</doc>
<status status="NOT RUN" start="2025-08-20T13:31:25.547799" elapsed="0.000000"/>
</kw>
<arg>15s</arg>
<status status="PASS" start="2025-08-20T13:31:23.061306" elapsed="2.486493"/>
</kw>
<status status="PASS" start="2025-08-20T13:31:20.055066" elapsed="5.492733"/>
</branch>
<status status="PASS" start="2025-08-20T13:31:20.055066" elapsed="5.492733"/>
</if>
<status status="PASS" start="2025-08-20T13:31:03.566985" elapsed="21.980814"/>
</branch>
<status status="PASS" start="2025-08-20T13:31:03.566985" elapsed="21.980814"/>
</if>
<doc>Điều hướng chắn tới trang Test Analysis (thử VN/EN, nếu chưa thì bấm menu).</doc>
<status status="PASS" start="2025-08-20T13:30:46.828940" elapsed="38.718859"/>
</kw>
<kw name="Wait For TALanded" owner="TestAnalysis">
<kw name="Run Keyword And Return Status" owner="BuiltIn">
<kw name="Wait Until Page Contains Element" owner="SeleniumLibrary">
<arg>${TA_MARK_H1}</arg>
<arg>${timeout}</arg>
<doc>Waits until the element ``locator`` appears on the current page.</doc>
<status status="PASS" start="2025-08-20T13:31:25.548803" elapsed="0.005147"/>
</kw>
<msg time="2025-08-20T13:31:25.553950" level="INFO">${m1} = True</msg>
<var>${m1}</var>
<arg>Wait Until Page Contains Element</arg>
<arg>${TA_MARK_H1}</arg>
<arg>${timeout}</arg>
<doc>Runs the given keyword with given arguments and returns the status as a Boolean value.</doc>
<status status="PASS" start="2025-08-20T13:31:25.548803" elapsed="0.005147"/>
</kw>
<kw name="Run Keyword And Return Status" owner="BuiltIn">
<kw name="Wait Until Page Contains Element" owner="SeleniumLibrary">
<arg>${TA_MARK_SEARCH}</arg>
<arg>2s</arg>
<doc>Waits until the element ``locator`` appears on the current page.</doc>
<status status="PASS" start="2025-08-20T13:31:25.553950" elapsed="0.005021"/>
</kw>
<msg time="2025-08-20T13:31:25.558971" level="INFO">${m2} = True</msg>
<var>${m2}</var>
<arg>Wait Until Page Contains Element</arg>
<arg>${TA_MARK_SEARCH}</arg>
<arg>2s</arg>
<doc>Runs the given keyword with given arguments and returns the status as a Boolean value.</doc>
<status status="PASS" start="2025-08-20T13:31:25.553950" elapsed="0.005021"/>
</kw>
<kw name="Run Keyword And Return Status" owner="BuiltIn">
<kw name="Wait Until Page Contains Element" owner="SeleniumLibrary">
<msg time="2025-08-20T13:31:27.963931" level="INFO" html="true">&lt;/td&gt;&lt;/tr&gt;&lt;tr&gt;&lt;td colspan="3"&gt;&lt;a href="selenium-screenshot-9062.png"&gt;&lt;img src="selenium-screenshot-9062.png" width="800px"&gt;&lt;/a&gt;</msg>
<msg time="2025-08-20T13:31:27.963931" level="FAIL">Element 'xpath=//h2[contains(normalize-space(.),'About')]' did not appear in 2 seconds.</msg>
<arg>${TA_MARK_ABOUT}</arg>
<arg>2s</arg>
<doc>Waits until the element ``locator`` appears on the current page.</doc>
<status status="FAIL" start="2025-08-20T13:31:25.559986" elapsed="2.403945">Element 'xpath=//h2[contains(normalize-space(.),'About')]' did not appear in 2 seconds.</status>
</kw>
<msg time="2025-08-20T13:31:27.964930" level="INFO">${m3} = False</msg>
<var>${m3}</var>
<arg>Wait Until Page Contains Element</arg>
<arg>${TA_MARK_ABOUT}</arg>
<arg>2s</arg>
<doc>Runs the given keyword with given arguments and returns the status as a Boolean value.</doc>
<status status="PASS" start="2025-08-20T13:31:25.559986" elapsed="2.404944"/>
</kw>
<kw name="Run Keyword And Return Status" owner="BuiltIn">
<kw name="Wait Until Page Contains Element" owner="SeleniumLibrary">
<arg>${TA_MARK_EMPTY}</arg>
<arg>2s</arg>
<doc>Waits until the element ``locator`` appears on the current page.</doc>
<status status="PASS" start="2025-08-20T13:31:27.964930" elapsed="0.006143"/>
</kw>
<msg time="2025-08-20T13:31:27.971073" level="INFO">${m4} = True</msg>
<var>${m4}</var>
<arg>Wait Until Page Contains Element</arg>
<arg>${TA_MARK_EMPTY}</arg>
<arg>2s</arg>
<doc>Runs the given keyword with given arguments and returns the status as a Boolean value.</doc>
<status status="PASS" start="2025-08-20T13:31:27.964930" elapsed="0.006143"/>
</kw>
<kw name="Run Keyword If" owner="BuiltIn">
<kw name="Return From Keyword" owner="BuiltIn">
<msg time="2025-08-20T13:31:27.972073" level="INFO">Returning from the enclosing user keyword.</msg>
<doc>Returns from the enclosing user keyword.</doc>
<status status="PASS" start="2025-08-20T13:31:27.971073" elapsed="0.001000"/>
</kw>
<arg>${m1} or ${m2} or ${m3} or ${m4}</arg>
<arg>Return From Keyword</arg>
<doc>Runs the given keyword with the given arguments, if ``condition`` is true.</doc>
<status status="PASS" start="2025-08-20T13:31:27.971073" elapsed="0.001000"/>
</kw>
<kw name="Fail" owner="BuiltIn">
<arg>Test Analysis page markers not found within ${timeout}.</arg>
<doc>Fails the test with the given message and optionally alters its tags.</doc>
<status status="NOT RUN" start="2025-08-20T13:31:27.972073" elapsed="0.000000"/>
</kw>
<status status="PASS" start="2025-08-20T13:31:25.548803" elapsed="2.423270"/>
</kw>
<kw name="Run Keyword And Return Status" owner="BuiltIn">
<kw name="Page Should Contain Element" owner="SeleniumLibrary">
<msg time="2025-08-20T13:31:27.978074" level="INFO">Current page contains element 'xpath=//*[contains(normalize-space(.),'No test analyses found.')]'.</msg>
<arg>${TA_MARK_EMPTY}</arg>
<doc>Verifies that element ``locator`` is found on the current page.</doc>
<status status="PASS" start="2025-08-20T13:31:27.972073" elapsed="0.006001"/>
</kw>
<msg time="2025-08-20T13:31:27.978074" level="INFO">${is_empty} = True</msg>
<var>${is_empty}</var>
<arg>Page Should Contain Element</arg>
<arg>${TA_MARK_EMPTY}</arg>
<doc>Runs the given keyword with given arguments and returns the status as a Boolean value.</doc>
<status status="PASS" start="2025-08-20T13:31:27.972073" elapsed="0.006001"/>
</kw>
<kw name="Log" owner="BuiltIn">
<msg time="2025-08-20T13:31:27.979087" level="INFO">Empty state present: True</msg>
<arg>Empty state present: ${is_empty}</arg>
<doc>Logs the given message with the given level.</doc>
<status status="PASS" start="2025-08-20T13:31:27.978074" elapsed="0.001013"/>
</kw>
<kw name="Run Keyword And Ignore Error" owner="BuiltIn" type="TEARDOWN">
<kw name="Capture Page Screenshot" owner="SeleniumLibrary">
<msg time="2025-08-20T13:31:28.264013" level="INFO" html="true">&lt;/td&gt;&lt;/tr&gt;&lt;tr&gt;&lt;td colspan="3"&gt;&lt;a href="selenium-screenshot-9063.png"&gt;&lt;img src="selenium-screenshot-9063.png" width="800px"&gt;&lt;/a&gt;</msg>
<doc>Takes a screenshot of the current page and embeds it into a log file.</doc>
<status status="PASS" start="2025-08-20T13:31:27.979087" elapsed="0.284926"/>
</kw>
<arg>Capture Page Screenshot</arg>
<doc>Runs the given keyword with the given arguments and ignores possible error.</doc>
<status status="PASS" start="2025-08-20T13:31:27.979087" elapsed="0.284926"/>
</kw>
<tag>EmptyState</tag>
<tag>UI</tag>
<timeout value="4 minutes"/>
<status status="PASS" start="2025-08-20T13:30:46.820421" elapsed="41.443592"/>
</test>
<test id="s1-t2" name="TA-02 - Tìm kiếm không có kết quả" line="17">
<kw name="Open Test Analysis Page" owner="TestAnalysis">
<kw name="Go To" owner="SeleniumLibrary">
<msg time="2025-08-20T13:31:28.265520" level="INFO">Opening url 'https://demo-clo.minds.vn/vi/test-analysis'</msg>
<arg>${BASE_URL}/vi/test-analysis</arg>
<doc>Navigates the current browser window to the provided ``url``.</doc>
<status status="PASS" start="2025-08-20T13:31:28.265520" elapsed="0.575059"/>
</kw>
<kw name="Run Keyword And Return Status" owner="BuiltIn">
<kw name="Wait For TALanded" owner="TestAnalysis">
<kw name="Run Keyword And Return Status" owner="BuiltIn">
<kw name="Wait Until Page Contains Element" owner="SeleniumLibrary">
<msg time="2025-08-20T13:31:37.311416" level="INFO" html="true">&lt;/td&gt;&lt;/tr&gt;&lt;tr&gt;&lt;td colspan="3"&gt;&lt;a href="selenium-screenshot-9064.png"&gt;&lt;img src="selenium-screenshot-9064.png" width="800px"&gt;&lt;/a&gt;</msg>
<msg time="2025-08-20T13:31:37.311416" level="FAIL">Element 'xpath=//h1[normalize-space(.)='Phân tích bài kiểm tra' or normalize-space(.)='Test Analysis']' did not appear in 8 seconds.</msg>
<arg>${TA_MARK_H1}</arg>
<arg>${timeout}</arg>
<doc>Waits until the element ``locator`` appears on the current page.</doc>
<status status="FAIL" start="2025-08-20T13:31:28.842470" elapsed="8.469945">Element 'xpath=//h1[normalize-space(.)='Phân tích bài kiểm tra' or normalize-space(.)='Test Analysis']' did not appear in 8 seconds.</status>
</kw>
<msg time="2025-08-20T13:31:37.312415" level="INFO">${m1} = False</msg>
<var>${m1}</var>
<arg>Wait Until Page Contains Element</arg>
<arg>${TA_MARK_H1}</arg>
<arg>${timeout}</arg>
<doc>Runs the given keyword with given arguments and returns the status as a Boolean value.</doc>
<status status="PASS" start="2025-08-20T13:31:28.842470" elapsed="8.469945"/>
</kw>
<kw name="Run Keyword And Return Status" owner="BuiltIn">
<kw name="Wait Until Page Contains Element" owner="SeleniumLibrary">
<msg time="2025-08-20T13:31:39.746294" level="INFO" html="true">&lt;/td&gt;&lt;/tr&gt;&lt;tr&gt;&lt;td colspan="3"&gt;&lt;a href="selenium-screenshot-9065.png"&gt;&lt;img src="selenium-screenshot-9065.png" width="800px"&gt;&lt;/a&gt;</msg>
<msg time="2025-08-20T13:31:39.746294" level="FAIL">Element 'css:input[placeholder*="Search test analyses"]' did not appear in 2 seconds.</msg>
<arg>${TA_MARK_SEARCH}</arg>
<arg>2s</arg>
<doc>Waits until the element ``locator`` appears on the current page.</doc>
<status status="FAIL" start="2025-08-20T13:31:37.312415" elapsed="2.433879">Element 'css:input[placeholder*="Search test analyses"]' did not appear in 2 seconds.</status>
</kw>
<msg time="2025-08-20T13:31:39.746294" level="INFO">${m2} = False</msg>
<var>${m2}</var>
<arg>Wait Until Page Contains Element</arg>
<arg>${TA_MARK_SEARCH}</arg>
<arg>2s</arg>
<doc>Runs the given keyword with given arguments and returns the status as a Boolean value.</doc>
<status status="PASS" start="2025-08-20T13:31:37.312415" elapsed="2.433879"/>
</kw>
<kw name="Run Keyword And Return Status" owner="BuiltIn">
<kw name="Wait Until Page Contains Element" owner="SeleniumLibrary">
<msg time="2025-08-20T13:31:42.163374" level="INFO" html="true">&lt;/td&gt;&lt;/tr&gt;&lt;tr&gt;&lt;td colspan="3"&gt;&lt;a href="selenium-screenshot-9066.png"&gt;&lt;img src="selenium-screenshot-9066.png" width="800px"&gt;&lt;/a&gt;</msg>
<msg time="2025-08-20T13:31:42.163374" level="FAIL">Element 'xpath=//h2[contains(normalize-space(.),'About')]' did not appear in 2 seconds.</msg>
<arg>${TA_MARK_ABOUT}</arg>
<arg>2s</arg>
<doc>Waits until the element ``locator`` appears on the current page.</doc>
<status status="FAIL" start="2025-08-20T13:31:39.747806" elapsed="2.415568">Element 'xpath=//h2[contains(normalize-space(.),'About')]' did not appear in 2 seconds.</status>
</kw>
<msg time="2025-08-20T13:31:42.163374" level="INFO">${m3} = False</msg>
<var>${m3}</var>
<arg>Wait Until Page Contains Element</arg>
<arg>${TA_MARK_ABOUT}</arg>
<arg>2s</arg>
<doc>Runs the given keyword with given arguments and returns the status as a Boolean value.</doc>
<status status="PASS" start="2025-08-20T13:31:39.747806" elapsed="2.415568"/>
</kw>
<kw name="Run Keyword And Return Status" owner="BuiltIn">
<kw name="Wait Until Page Contains Element" owner="SeleniumLibrary">
<msg time="2025-08-20T13:31:44.569930" level="INFO" html="true">&lt;/td&gt;&lt;/tr&gt;&lt;tr&gt;&lt;td colspan="3"&gt;&lt;a href="selenium-screenshot-9067.png"&gt;&lt;img src="selenium-screenshot-9067.png" width="800px"&gt;&lt;/a&gt;</msg>
<msg time="2025-08-20T13:31:44.570480" level="FAIL">Element 'xpath=//*[contains(normalize-space(.),'No test analyses found.')]' did not appear in 2 seconds.</msg>
<arg>${TA_MARK_EMPTY}</arg>
<arg>2s</arg>
<doc>Waits until the element ``locator`` appears on the current page.</doc>
<status status="FAIL" start="2025-08-20T13:31:42.164378" elapsed="2.406102">Element 'xpath=//*[contains(normalize-space(.),'No test analyses found.')]' did not appear in 2 seconds.</status>
</kw>
<msg time="2025-08-20T13:31:44.570480" level="INFO">${m4} = False</msg>
<var>${m4}</var>
<arg>Wait Until Page Contains Element</arg>
<arg>${TA_MARK_EMPTY}</arg>
<arg>2s</arg>
<doc>Runs the given keyword with given arguments and returns the status as a Boolean value.</doc>
<status status="PASS" start="2025-08-20T13:31:42.163374" elapsed="2.407106"/>
</kw>
<kw name="Run Keyword If" owner="BuiltIn">
<arg>${m1} or ${m2} or ${m3} or ${m4}</arg>
<arg>Return From Keyword</arg>
<doc>Runs the given keyword with the given arguments, if ``condition`` is true.</doc>
<status status="PASS" start="2025-08-20T13:31:44.571488" elapsed="0.000000"/>
</kw>
<kw name="Fail" owner="BuiltIn">
<msg time="2025-08-20T13:31:44.571488" level="FAIL">Test Analysis page markers not found within 8s.</msg>
<arg>Test Analysis page markers not found within ${timeout}.</arg>
<doc>Fails the test with the given message and optionally alters its tags.</doc>
<status status="FAIL" start="2025-08-20T13:31:44.571488" elapsed="0.000000">Test Analysis page markers not found within 8s.</status>
</kw>
<arg>8s</arg>
<status status="FAIL" start="2025-08-20T13:31:28.841464" elapsed="15.731530">Test Analysis page markers not found within 8s.</status>
</kw>
<msg time="2025-08-20T13:31:44.572994" level="INFO">${ok} = False</msg>
<var>${ok}</var>
<arg>Wait For TALanded</arg>
<arg>8s</arg>
<doc>Runs the given keyword with given arguments and returns the status as a Boolean value.</doc>
<status status="PASS" start="2025-08-20T13:31:28.841464" elapsed="15.731530"/>
</kw>
<if>
<branch type="IF" condition="not ${ok}">
<kw name="Go To" owner="SeleniumLibrary">
<msg time="2025-08-20T13:31:44.574504" level="INFO">Opening url 'https://demo-clo.minds.vn/en/test-analysis'</msg>
<arg>${BASE_URL}/en/test-analysis</arg>
<doc>Navigates the current browser window to the provided ``url``.</doc>
<status status="PASS" start="2025-08-20T13:31:44.572994" elapsed="0.557243"/>
</kw>
<kw name="Run Keyword And Return Status" owner="BuiltIn">
<kw name="Wait For TALanded" owner="TestAnalysis">
<kw name="Run Keyword And Return Status" owner="BuiltIn">
<kw name="Wait Until Page Contains Element" owner="SeleniumLibrary">
<msg time="2025-08-20T13:31:53.574176" level="INFO" html="true">&lt;/td&gt;&lt;/tr&gt;&lt;tr&gt;&lt;td colspan="3"&gt;&lt;a href="selenium-screenshot-9068.png"&gt;&lt;img src="selenium-screenshot-9068.png" width="800px"&gt;&lt;/a&gt;</msg>
<msg time="2025-08-20T13:31:53.574176" level="FAIL">Element 'xpath=//h1[normalize-space(.)='Phân tích bài kiểm tra' or normalize-space(.)='Test Analysis']' did not appear in 8 seconds.</msg>
<arg>${TA_MARK_H1}</arg>
<arg>${timeout}</arg>
<doc>Waits until the element ``locator`` appears on the current page.</doc>
<status status="FAIL" start="2025-08-20T13:31:45.131774" elapsed="8.442402">Element 'xpath=//h1[normalize-space(.)='Phân tích bài kiểm tra' or normalize-space(.)='Test Analysis']' did not appear in 8 seconds.</status>
</kw>
<msg time="2025-08-20T13:31:53.575161" level="INFO">${m1} = False</msg>
<var>${m1}</var>
<arg>Wait Until Page Contains Element</arg>
<arg>${TA_MARK_H1}</arg>
<arg>${timeout}</arg>
<doc>Runs the given keyword with given arguments and returns the status as a Boolean value.</doc>
<status status="PASS" start="2025-08-20T13:31:45.131239" elapsed="8.443922"/>
</kw>
<kw name="Run Keyword And Return Status" owner="BuiltIn">
<kw name="Wait Until Page Contains Element" owner="SeleniumLibrary">
<msg time="2025-08-20T13:31:56.020936" level="INFO" html="true">&lt;/td&gt;&lt;/tr&gt;&lt;tr&gt;&lt;td colspan="3"&gt;&lt;a href="selenium-screenshot-9069.png"&gt;&lt;img src="selenium-screenshot-9069.png" width="800px"&gt;&lt;/a&gt;</msg>
<msg time="2025-08-20T13:31:56.021931" level="FAIL">Element 'css:input[placeholder*="Search test analyses"]' did not appear in 2 seconds.</msg>
<arg>${TA_MARK_SEARCH}</arg>
<arg>2s</arg>
<doc>Waits until the element ``locator`` appears on the current page.</doc>
<status status="FAIL" start="2025-08-20T13:31:53.575161" elapsed="2.446770">Element 'css:input[placeholder*="Search test analyses"]' did not appear in 2 seconds.</status>
</kw>
<msg time="2025-08-20T13:31:56.021931" level="INFO">${m2} = False</msg>
<var>${m2}</var>
<arg>Wait Until Page Contains Element</arg>
<arg>${TA_MARK_SEARCH}</arg>
<arg>2s</arg>
<doc>Runs the given keyword with given arguments and returns the status as a Boolean value.</doc>
<status status="PASS" start="2025-08-20T13:31:53.575161" elapsed="2.446770"/>
</kw>
<kw name="Run Keyword And Return Status" owner="BuiltIn">
<kw name="Wait Until Page Contains Element" owner="SeleniumLibrary">
<msg time="2025-08-20T13:31:58.466110" level="INFO" html="true">&lt;/td&gt;&lt;/tr&gt;&lt;tr&gt;&lt;td colspan="3"&gt;&lt;a href="selenium-screenshot-9070.png"&gt;&lt;img src="selenium-screenshot-9070.png" width="800px"&gt;&lt;/a&gt;</msg>
<msg time="2025-08-20T13:31:58.467112" level="FAIL">Element 'xpath=//h2[contains(normalize-space(.),'About')]' did not appear in 2 seconds.</msg>
<arg>${TA_MARK_ABOUT}</arg>
<arg>2s</arg>
<doc>Waits until the element ``locator`` appears on the current page.</doc>
<status status="FAIL" start="2025-08-20T13:31:56.022930" elapsed="2.444182">Element 'xpath=//h2[contains(normalize-space(.),'About')]' did not appear in 2 seconds.</status>
</kw>
<msg time="2025-08-20T13:31:58.467112" level="INFO">${m3} = False</msg>
<var>${m3}</var>
<arg>Wait Until Page Contains Element</arg>
<arg>${TA_MARK_ABOUT}</arg>
<arg>2s</arg>
<doc>Runs the given keyword with given arguments and returns the status as a Boolean value.</doc>
<status status="PASS" start="2025-08-20T13:31:56.022930" elapsed="2.444182"/>
</kw>
<kw name="Run Keyword And Return Status" owner="BuiltIn">
<kw name="Wait Until Page Contains Element" owner="SeleniumLibrary">
<msg time="2025-08-20T13:32:00.935785" level="INFO" html="true">&lt;/td&gt;&lt;/tr&gt;&lt;tr&gt;&lt;td colspan="3"&gt;&lt;a href="selenium-screenshot-9071.png"&gt;&lt;img src="selenium-screenshot-9071.png" width="800px"&gt;&lt;/a&gt;</msg>
<msg time="2025-08-20T13:32:00.935785" level="FAIL">Element 'xpath=//*[contains(normalize-space(.),'No test analyses found.')]' did not appear in 2 seconds.</msg>
<arg>${TA_MARK_EMPTY}</arg>
<arg>2s</arg>
<doc>Waits until the element ``locator`` appears on the current page.</doc>
<status status="FAIL" start="2025-08-20T13:31:58.468111" elapsed="2.468673">Element 'xpath=//*[contains(normalize-space(.),'No test analyses found.')]' did not appear in 2 seconds.</status>
</kw>
<msg time="2025-08-20T13:32:00.936784" level="INFO">${m4} = False</msg>
<var>${m4}</var>
<arg>Wait Until Page Contains Element</arg>
<arg>${TA_MARK_EMPTY}</arg>
<arg>2s</arg>
<doc>Runs the given keyword with given arguments and returns the status as a Boolean value.</doc>
<status status="PASS" start="2025-08-20T13:31:58.467112" elapsed="2.469672"/>
</kw>
<kw name="Run Keyword If" owner="BuiltIn">
<arg>${m1} or ${m2} or ${m3} or ${m4}</arg>
<arg>Return From Keyword</arg>
<doc>Runs the given keyword with the given arguments, if ``condition`` is true.</doc>
<status status="PASS" start="2025-08-20T13:32:00.936784" elapsed="0.001000"/>
</kw>
<kw name="Fail" owner="BuiltIn">
<msg time="2025-08-20T13:32:00.938796" level="FAIL">Test Analysis page markers not found within 8s.</msg>
<arg>Test Analysis page markers not found within ${timeout}.</arg>
<doc>Fails the test with the given message and optionally alters its tags.</doc>
<status status="FAIL" start="2025-08-20T13:32:00.937784" elapsed="0.001012">Test Analysis page markers not found within 8s.</status>
</kw>
<arg>8s</arg>
<status status="FAIL" start="2025-08-20T13:31:45.130237" elapsed="15.808559">Test Analysis page markers not found within 8s.</status>
</kw>
<msg time="2025-08-20T13:32:00.938796" level="INFO">${ok} = False</msg>
<var>${ok}</var>
<arg>Wait For TALanded</arg>
<arg>8s</arg>
<doc>Runs the given keyword with given arguments and returns the status as a Boolean value.</doc>
<status status="PASS" start="2025-08-20T13:31:45.130237" elapsed="15.808559"/>
</kw>
<if>
<branch type="IF" condition="not ${ok}">
<kw name="Go To" owner="SeleniumLibrary">
<msg time="2025-08-20T13:32:00.938796" level="INFO">Opening url 'https://demo-clo.minds.vn'</msg>
<arg>${BASE_URL}</arg>
<doc>Navigates the current browser window to the provided ``url``.</doc>
<status status="PASS" start="2025-08-20T13:32:00.938796" elapsed="1.536527"/>
</kw>
<kw name="Wait Until Page Contains Element" owner="SeleniumLibrary">
<arg>${TA_MENU}</arg>
<arg>15s</arg>
<doc>Waits until the element ``locator`` appears on the current page.</doc>
<status status="PASS" start="2025-08-20T13:32:02.475323" elapsed="0.015703"/>
</kw>
<kw name="Safe Click" owner="TestAnalysis">
<kw name="Run Keyword And Return Status" owner="BuiltIn">
<kw name="Click Element" owner="SeleniumLibrary">
<msg time="2025-08-20T13:32:02.498030" level="INFO">Clicking element 'xpath=//a[contains(@href,'test-analysis') or contains(normalize-space(.),'Phân tích bài kiểm tra') or contains(normalize-space(.),'Test Analysis')]'.</msg>
<arg>${locator}</arg>
<doc>Click the element identified by ``locator``.</doc>
<status status="PASS" start="2025-08-20T13:32:02.496026" elapsed="0.804733"/>
</kw>
<msg time="2025-08-20T13:32:03.300759" level="INFO">${ok} = True</msg>
<var>${ok}</var>
<arg>Click Element</arg>
<arg>${locator}</arg>
<doc>Runs the given keyword with given arguments and returns the status as a Boolean value.</doc>
<status status="PASS" start="2025-08-20T13:32:02.495026" elapsed="0.805733"/>
</kw>
<if>
<branch type="IF" condition="not ${ok}">
<kw name="Get WebElement" owner="SeleniumLibrary">
<var>${el}</var>
<arg>${locator}</arg>
<doc>Returns the first WebElement matching the given ``locator``.</doc>
<status status="NOT RUN" start="2025-08-20T13:32:03.303406" elapsed="0.000000"/>
</kw>
<kw name="Execute Javascript" owner="SeleniumLibrary">
<arg>arguments[0].click();</arg>
<arg>${el}</arg>
<doc>Executes the given JavaScript code with possible arguments.</doc>
<status status="NOT RUN" start="2025-08-20T13:32:03.303406" elapsed="0.000000"/>
</kw>
<status status="NOT RUN" start="2025-08-20T13:32:03.303406" elapsed="0.000000"/>
</branch>
<status status="PASS" start="2025-08-20T13:32:03.300759" elapsed="0.002647"/>
</if>
<arg>${TA_MENU}</arg>
<status status="PASS" start="2025-08-20T13:32:02.493027" elapsed="0.810379"/>
</kw>
<kw name="Wait For TALanded" owner="TestAnalysis">
<kw name="Run Keyword And Return Status" owner="BuiltIn">
<kw name="Wait Until Page Contains Element" owner="SeleniumLibrary">
<arg>${TA_MARK_H1}</arg>
<arg>${timeout}</arg>
<doc>Waits until the element ``locator`` appears on the current page.</doc>
<status status="PASS" start="2025-08-20T13:32:03.305410" elapsed="0.017134"/>
</kw>
<msg time="2025-08-20T13:32:03.322544" level="INFO">${m1} = True</msg>
<var>${m1}</var>
<arg>Wait Until Page Contains Element</arg>
<arg>${TA_MARK_H1}</arg>
<arg>${timeout}</arg>
<doc>Runs the given keyword with given arguments and returns the status as a Boolean value.</doc>
<status status="PASS" start="2025-08-20T13:32:03.305410" elapsed="0.017134"/>
</kw>
<kw name="Run Keyword And Return Status" owner="BuiltIn">
<kw name="Wait Until Page Contains Element" owner="SeleniumLibrary">
<arg>${TA_MARK_SEARCH}</arg>
<arg>2s</arg>
<doc>Waits until the element ``locator`` appears on the current page.</doc>
<status status="PASS" start="2025-08-20T13:32:03.323544" elapsed="0.012746"/>
</kw>
<msg time="2025-08-20T13:32:03.336290" level="INFO">${m2} = True</msg>
<var>${m2}</var>
<arg>Wait Until Page Contains Element</arg>
<arg>${TA_MARK_SEARCH}</arg>
<arg>2s</arg>
<doc>Runs the given keyword with given arguments and returns the status as a Boolean value.</doc>
<status status="PASS" start="2025-08-20T13:32:03.323544" elapsed="0.012746"/>
</kw>
<kw name="Run Keyword And Return Status" owner="BuiltIn">
<kw name="Wait Until Page Contains Element" owner="SeleniumLibrary">
<msg time="2025-08-20T13:32:05.856482" level="INFO" html="true">&lt;/td&gt;&lt;/tr&gt;&lt;tr&gt;&lt;td colspan="3"&gt;&lt;a href="selenium-screenshot-9072.png"&gt;&lt;img src="selenium-screenshot-9072.png" width="800px"&gt;&lt;/a&gt;</msg>
<msg time="2025-08-20T13:32:05.857988" level="FAIL">Element 'xpath=//h2[contains(normalize-space(.),'About')]' did not appear in 2 seconds.</msg>
<arg>${TA_MARK_ABOUT}</arg>
<arg>2s</arg>
<doc>Waits until the element ``locator`` appears on the current page.</doc>
<status status="FAIL" start="2025-08-20T13:32:03.336290" elapsed="2.521698">Element 'xpath=//h2[contains(normalize-space(.),'About')]' did not appear in 2 seconds.</status>
</kw>
<msg time="2025-08-20T13:32:05.857988" level="INFO">${m3} = False</msg>
<var>${m3}</var>
<arg>Wait Until Page Contains Element</arg>
<arg>${TA_MARK_ABOUT}</arg>
<arg>2s</arg>
<doc>Runs the given keyword with given arguments and returns the status as a Boolean value.</doc>
<status status="PASS" start="2025-08-20T13:32:03.336290" elapsed="2.521698"/>
</kw>
<kw name="Run Keyword And Return Status" owner="BuiltIn">
<kw name="Wait Until Page Contains Element" owner="SeleniumLibrary">
<arg>${TA_MARK_EMPTY}</arg>
<arg>2s</arg>
<doc>Waits until the element ``locator`` appears on the current page.</doc>
<status status="PASS" start="2025-08-20T13:32:05.858992" elapsed="0.006420"/>
</kw>
<msg time="2025-08-20T13:32:05.866413" level="INFO">${m4} = True</msg>
<var>${m4}</var>
<arg>Wait Until Page Contains Element</arg>
<arg>${TA_MARK_EMPTY}</arg>
<arg>2s</arg>
<doc>Runs the given keyword with given arguments and returns the status as a Boolean value.</doc>
<status status="PASS" start="2025-08-20T13:32:05.857988" elapsed="0.008425"/>
</kw>
<kw name="Run Keyword If" owner="BuiltIn">
<kw name="Return From Keyword" owner="BuiltIn">
<msg time="2025-08-20T13:32:05.866413" level="INFO">Returning from the enclosing user keyword.</msg>
<doc>Returns from the enclosing user keyword.</doc>
<status status="PASS" start="2025-08-20T13:32:05.866413" elapsed="0.000000"/>
</kw>
<arg>${m1} or ${m2} or ${m3} or ${m4}</arg>
<arg>Return From Keyword</arg>
<doc>Runs the given keyword with the given arguments, if ``condition`` is true.</doc>
<status status="PASS" start="2025-08-20T13:32:05.866413" elapsed="0.000000"/>
</kw>
<kw name="Fail" owner="BuiltIn">
<arg>Test Analysis page markers not found within ${timeout}.</arg>
<doc>Fails the test with the given message and optionally alters its tags.</doc>
<status status="NOT RUN" start="2025-08-20T13:32:05.866413" elapsed="0.000000"/>
</kw>
<arg>15s</arg>
<status status="PASS" start="2025-08-20T13:32:03.304411" elapsed="2.562002"/>
</kw>
<status status="PASS" start="2025-08-20T13:32:00.938796" elapsed="4.927617"/>
</branch>
<status status="PASS" start="2025-08-20T13:32:00.938796" elapsed="4.927617"/>
</if>
<status status="PASS" start="2025-08-20T13:31:44.572994" elapsed="21.293419"/>
</branch>
<status status="PASS" start="2025-08-20T13:31:44.572994" elapsed="21.293419"/>
</if>
<doc>Điều hướng chắn tới trang Test Analysis (thử VN/EN, nếu chưa thì bấm menu).</doc>
<status status="PASS" start="2025-08-20T13:31:28.265520" elapsed="37.600893"/>
</kw>
<kw name="Wait For TALanded" owner="TestAnalysis">
<kw name="Run Keyword And Return Status" owner="BuiltIn">
<kw name="Wait Until Page Contains Element" owner="SeleniumLibrary">
<arg>${TA_MARK_H1}</arg>
<arg>${timeout}</arg>
<doc>Waits until the element ``locator`` appears on the current page.</doc>
<status status="PASS" start="2025-08-20T13:32:05.867922" elapsed="0.006149"/>
</kw>
<msg time="2025-08-20T13:32:05.875068" level="INFO">${m1} = True</msg>
<var>${m1}</var>
<arg>Wait Until Page Contains Element</arg>
<arg>${TA_MARK_H1}</arg>
<arg>${timeout}</arg>
<doc>Runs the given keyword with given arguments and returns the status as a Boolean value.</doc>
<status status="PASS" start="2025-08-20T13:32:05.867922" elapsed="0.007146"/>
</kw>
<kw name="Run Keyword And Return Status" owner="BuiltIn">
<kw name="Wait Until Page Contains Element" owner="SeleniumLibrary">
<arg>${TA_MARK_SEARCH}</arg>
<arg>2s</arg>
<doc>Waits until the element ``locator`` appears on the current page.</doc>
<status status="PASS" start="2025-08-20T13:32:05.875068" elapsed="0.006008"/>
</kw>
<msg time="2025-08-20T13:32:05.881076" level="INFO">${m2} = True</msg>
<var>${m2}</var>
<arg>Wait Until Page Contains Element</arg>
<arg>${TA_MARK_SEARCH}</arg>
<arg>2s</arg>
<doc>Runs the given keyword with given arguments and returns the status as a Boolean value.</doc>
<status status="PASS" start="2025-08-20T13:32:05.875068" elapsed="0.006008"/>
</kw>
<kw name="Run Keyword And Return Status" owner="BuiltIn">
<kw name="Wait Until Page Contains Element" owner="SeleniumLibrary">
<msg time="2025-08-20T13:32:08.498135" level="INFO" html="true">&lt;/td&gt;&lt;/tr&gt;&lt;tr&gt;&lt;td colspan="3"&gt;&lt;a href="selenium-screenshot-9073.png"&gt;&lt;img src="selenium-screenshot-9073.png" width="800px"&gt;&lt;/a&gt;</msg>
<msg time="2025-08-20T13:32:08.499137" level="FAIL">Element 'xpath=//h2[contains(normalize-space(.),'About')]' did not appear in 2 seconds.</msg>
<arg>${TA_MARK_ABOUT}</arg>
<arg>2s</arg>
<doc>Waits until the element ``locator`` appears on the current page.</doc>
<status status="FAIL" start="2025-08-20T13:32:05.882073" elapsed="2.617570">Element 'xpath=//h2[contains(normalize-space(.),'About')]' did not appear in 2 seconds.</status>
</kw>
<msg time="2025-08-20T13:32:08.500556" level="INFO">${m3} = False</msg>
<var>${m3}</var>
<arg>Wait Until Page Contains Element</arg>
<arg>${TA_MARK_ABOUT}</arg>
<arg>2s</arg>
<doc>Runs the given keyword with given arguments and returns the status as a Boolean value.</doc>
<status status="PASS" start="2025-08-20T13:32:05.881076" elapsed="2.619480"/>
</kw>
<kw name="Run Keyword And Return Status" owner="BuiltIn">
<kw name="Wait Until Page Contains Element" owner="SeleniumLibrary">
<arg>${TA_MARK_EMPTY}</arg>
<arg>2s</arg>
<doc>Waits until the element ``locator`` appears on the current page.</doc>
<status status="PASS" start="2025-08-20T13:32:08.501569" elapsed="0.009567"/>
</kw>
<msg time="2025-08-20T13:32:08.511136" level="INFO">${m4} = True</msg>
<var>${m4}</var>
<arg>Wait Until Page Contains Element</arg>
<arg>${TA_MARK_EMPTY}</arg>
<arg>2s</arg>
<doc>Runs the given keyword with given arguments and returns the status as a Boolean value.</doc>
<status status="PASS" start="2025-08-20T13:32:08.500556" elapsed="0.010580"/>
</kw>
<kw name="Run Keyword If" owner="BuiltIn">
<kw name="Return From Keyword" owner="BuiltIn">
<msg time="2025-08-20T13:32:08.512136" level="INFO">Returning from the enclosing user keyword.</msg>
<doc>Returns from the enclosing user keyword.</doc>
<status status="PASS" start="2025-08-20T13:32:08.512136" elapsed="0.000000"/>
</kw>
<arg>${m1} or ${m2} or ${m3} or ${m4}</arg>
<arg>Return From Keyword</arg>
<doc>Runs the given keyword with the given arguments, if ``condition`` is true.</doc>
<status status="PASS" start="2025-08-20T13:32:08.512136" elapsed="0.000000"/>
</kw>
<kw name="Fail" owner="BuiltIn">
<arg>Test Analysis page markers not found within ${timeout}.</arg>
<doc>Fails the test with the given message and optionally alters its tags.</doc>
<status status="NOT RUN" start="2025-08-20T13:32:08.513136" elapsed="0.000000"/>
</kw>
<status status="PASS" start="2025-08-20T13:32:05.867922" elapsed="2.645214"/>
</kw>
<kw name="Search Test Analyses" owner="TestAnalysis">
<kw name="Wait Until Page Contains Element" owner="SeleniumLibrary">
<arg>${TA_SEARCH_INPUT}</arg>
<arg>10s</arg>
<doc>Waits until the element ``locator`` appears on the current page.</doc>
<status status="PASS" start="2025-08-20T13:32:08.514137" elapsed="0.008624"/>
</kw>
<kw name="Clear Element Text" owner="SeleniumLibrary">
<arg>${TA_SEARCH_INPUT}</arg>
<doc>Clears the value of the text-input-element identified by ``locator``.</doc>
<status status="PASS" start="2025-08-20T13:32:08.522761" elapsed="0.033967"/>
</kw>
<kw name="Input Text" owner="SeleniumLibrary">
<msg time="2025-08-20T13:32:08.558809" level="INFO">Typing text 'zzzz_unmatched_keyword_123' into text field 'css:input[placeholder*="Search test analyses"]'.</msg>
<arg>${TA_SEARCH_INPUT}</arg>
<arg>${keyword}</arg>
<doc>Types the given ``text`` into the text field identified by ``locator``.</doc>
<status status="PASS" start="2025-08-20T13:32:08.557807" elapsed="0.077495"/>
</kw>
<kw name="Run Keyword If" owner="BuiltIn">
<kw name="Safe Click" owner="TestAnalysis">
<kw name="Run Keyword And Return Status" owner="BuiltIn">
<kw name="Click Element" owner="SeleniumLibrary">
<msg time="2025-08-20T13:32:08.636295" level="INFO">Clicking element 'xpath=//button[.//i[contains(@class,'search')] or contains(normalize-space(.),'Search')]'.</msg>
<arg>${locator}</arg>
<doc>Click the element identified by ``locator``.</doc>
<status status="PASS" start="2025-08-20T13:32:08.636295" elapsed="0.788547"/>
</kw>
<msg time="2025-08-20T13:32:09.424842" level="INFO">${ok} = True</msg>
<var>${ok}</var>
<arg>Click Element</arg>
<arg>${locator}</arg>
<doc>Runs the given keyword with given arguments and returns the status as a Boolean value.</doc>
<status status="PASS" start="2025-08-20T13:32:08.636295" elapsed="0.789621"/>
</kw>
<if>
<branch type="IF" condition="not ${ok}">
<kw name="Get WebElement" owner="SeleniumLibrary">
<var>${el}</var>
<arg>${locator}</arg>
<doc>Returns the first WebElement matching the given ``locator``.</doc>
<status status="NOT RUN" start="2025-08-20T13:32:09.427256" elapsed="0.000000"/>
</kw>
<kw name="Execute Javascript" owner="SeleniumLibrary">
<arg>arguments[0].click();</arg>
<arg>${el}</arg>
<doc>Executes the given JavaScript code with possible arguments.</doc>
<status status="NOT RUN" start="2025-08-20T13:32:09.427256" elapsed="0.000000"/>
</kw>
<status status="NOT RUN" start="2025-08-20T13:32:09.425916" elapsed="0.001340"/>
</branch>
<status status="PASS" start="2025-08-20T13:32:09.425916" elapsed="0.002348"/>
</if>
<arg>${TA_SEARCH_BTN}</arg>
<status status="PASS" start="2025-08-20T13:32:08.636295" elapsed="0.791969"/>
</kw>
<arg>"${keyword}"!=""</arg>
<arg>Safe Click</arg>
<arg>${TA_SEARCH_BTN}</arg>
<doc>Runs the given keyword with the given arguments, if ``condition`` is true.</doc>
<status status="PASS" start="2025-08-20T13:32:08.635302" elapsed="0.792962"/>
</kw>
<kw name="Sleep" owner="BuiltIn">
<msg time="2025-08-20T13:32:10.244008" level="INFO">Slept 800 milliseconds.</msg>
<arg>0.8s</arg>
<doc>Pauses the test executed for the given time.</doc>
<status status="PASS" start="2025-08-20T13:32:09.428790" elapsed="0.815218"/>
</kw>
<arg>zzzz_unmatched_keyword_123</arg>
<status status="PASS" start="2025-08-20T13:32:08.514137" elapsed="1.729871"/>
</kw>
<kw name="Verify Empty State" owner="TestAnalysis">
<kw name="Wait Until Page Contains Element" owner="SeleniumLibrary">
<arg>${TA_MARK_EMPTY}</arg>
<arg>10s</arg>
<doc>Waits until the element ``locator`` appears on the current page.</doc>
<status status="PASS" start="2025-08-20T13:32:10.244008" elapsed="0.006317"/>
</kw>
<status status="PASS" start="2025-08-20T13:32:10.244008" elapsed="0.006317"/>
</kw>
<kw name="Run Keyword And Ignore Error" owner="BuiltIn" type="TEARDOWN">
<kw name="Capture Page Screenshot" owner="SeleniumLibrary">
<msg time="2025-08-20T13:32:10.594484" level="INFO" html="true">&lt;/td&gt;&lt;/tr&gt;&lt;tr&gt;&lt;td colspan="3"&gt;&lt;a href="selenium-screenshot-9074.png"&gt;&lt;img src="selenium-screenshot-9074.png" width="800px"&gt;&lt;/a&gt;</msg>
<doc>Takes a screenshot of the current page and embeds it into a log file.</doc>
<status status="PASS" start="2025-08-20T13:32:10.250325" elapsed="0.344159"/>
</kw>
<arg>Capture Page Screenshot</arg>
<doc>Runs the given keyword with the given arguments and ignores possible error.</doc>
<status status="PASS" start="2025-08-20T13:32:10.250325" elapsed="0.344159"/>
</kw>
<tag>Search</tag>
<timeout value="4 minutes"/>
<status status="PASS" start="2025-08-20T13:31:28.265014" elapsed="42.329470"/>
</test>
<test id="s1-t3" name="TA-03 - Tìm kiếm và xoá từ khoá → trang vẫn ổn định" line="24">
<kw name="Open Test Analysis Page" owner="TestAnalysis">
<kw name="Go To" owner="SeleniumLibrary">
<msg time="2025-08-20T13:32:10.599857" level="INFO">Opening url 'https://demo-clo.minds.vn/vi/test-analysis'</msg>
<arg>${BASE_URL}/vi/test-analysis</arg>
<doc>Navigates the current browser window to the provided ``url``.</doc>
<status status="PASS" start="2025-08-20T13:32:10.599043" elapsed="0.677912"/>
</kw>
<kw name="Run Keyword And Return Status" owner="BuiltIn">
<kw name="Wait For TALanded" owner="TestAnalysis">
<kw name="Run Keyword And Return Status" owner="BuiltIn">
<kw name="Wait Until Page Contains Element" owner="SeleniumLibrary">
<msg time="2025-08-20T13:32:19.796593" level="INFO" html="true">&lt;/td&gt;&lt;/tr&gt;&lt;tr&gt;&lt;td colspan="3"&gt;&lt;a href="selenium-screenshot-9075.png"&gt;&lt;img src="selenium-screenshot-9075.png" width="800px"&gt;&lt;/a&gt;</msg>
<msg time="2025-08-20T13:32:19.798100" level="FAIL">Element 'xpath=//h1[normalize-space(.)='Phân tích bài kiểm tra' or normalize-space(.)='Test Analysis']' did not appear in 8 seconds.</msg>
<arg>${TA_MARK_H1}</arg>
<arg>${timeout}</arg>
<doc>Waits until the element ``locator`` appears on the current page.</doc>
<status status="FAIL" start="2025-08-20T13:32:11.285117" elapsed="8.512983">Element 'xpath=//h1[normalize-space(.)='Phân tích bài kiểm tra' or normalize-space(.)='Test Analysis']' did not appear in 8 seconds.</status>
</kw>
<msg time="2025-08-20T13:32:19.798100" level="INFO">${m1} = False</msg>
<var>${m1}</var>
<arg>Wait Until Page Contains Element</arg>
<arg>${TA_MARK_H1}</arg>
<arg>${timeout}</arg>
<doc>Runs the given keyword with given arguments and returns the status as a Boolean value.</doc>
<status status="PASS" start="2025-08-20T13:32:11.283907" elapsed="8.514193"/>
</kw>
<kw name="Run Keyword And Return Status" owner="BuiltIn">
<kw name="Wait Until Page Contains Element" owner="SeleniumLibrary">
<msg time="2025-08-20T13:32:22.709508" level="INFO" html="true">&lt;/td&gt;&lt;/tr&gt;&lt;tr&gt;&lt;td colspan="3"&gt;&lt;a href="selenium-screenshot-9076.png"&gt;&lt;img src="selenium-screenshot-9076.png" width="800px"&gt;&lt;/a&gt;</msg>
<msg time="2025-08-20T13:32:22.711065" level="FAIL">Element 'css:input[placeholder*="Search test analyses"]' did not appear in 2 seconds.</msg>
<arg>${TA_MARK_SEARCH}</arg>
<arg>2s</arg>
<doc>Waits until the element ``locator`` appears on the current page.</doc>
<status status="FAIL" start="2025-08-20T13:32:19.799106" elapsed="2.912414">Element 'css:input[placeholder*="Search test analyses"]' did not appear in 2 seconds.</status>
</kw>
<msg time="2025-08-20T13:32:22.712597" level="INFO">${m2} = False</msg>
<var>${m2}</var>
<arg>Wait Until Page Contains Element</arg>
<arg>${TA_MARK_SEARCH}</arg>
<arg>2s</arg>
<doc>Runs the given keyword with given arguments and returns the status as a Boolean value.</doc>
<status status="PASS" start="2025-08-20T13:32:19.799106" elapsed="2.913491"/>
</kw>
<kw name="Run Keyword And Return Status" owner="BuiltIn">
<kw name="Wait Until Page Contains Element" owner="SeleniumLibrary">
<msg time="2025-08-20T13:32:25.284552" level="INFO" html="true">&lt;/td&gt;&lt;/tr&gt;&lt;tr&gt;&lt;td colspan="3"&gt;&lt;a href="selenium-screenshot-9077.png"&gt;&lt;img src="selenium-screenshot-9077.png" width="800px"&gt;&lt;/a&gt;</msg>
<msg time="2025-08-20T13:32:25.285553" level="FAIL">Element 'xpath=//h2[contains(normalize-space(.),'About')]' did not appear in 2 seconds.</msg>
<arg>${TA_MARK_ABOUT}</arg>
<arg>2s</arg>
<doc>Waits until the element ``locator`` appears on the current page.</doc>
<status status="FAIL" start="2025-08-20T13:32:22.714141" elapsed="2.572413">Element 'xpath=//h2[contains(normalize-space(.),'About')]' did not appear in 2 seconds.</status>
</kw>
<msg time="2025-08-20T13:32:25.286554" level="INFO">${m3} = False</msg>
<var>${m3}</var>
<arg>Wait Until Page Contains Element</arg>
<arg>${TA_MARK_ABOUT}</arg>
<arg>2s</arg>
<doc>Runs the given keyword with given arguments and returns the status as a Boolean value.</doc>
<status status="PASS" start="2025-08-20T13:32:22.713135" elapsed="2.573419"/>
</kw>
<kw name="Run Keyword And Return Status" owner="BuiltIn">
<kw name="Wait Until Page Contains Element" owner="SeleniumLibrary">
<msg time="2025-08-20T13:32:28.120239" level="INFO" html="true">&lt;/td&gt;&lt;/tr&gt;&lt;tr&gt;&lt;td colspan="3"&gt;&lt;a href="selenium-screenshot-9078.png"&gt;&lt;img src="selenium-screenshot-9078.png" width="800px"&gt;&lt;/a&gt;</msg>
<msg time="2025-08-20T13:32:28.121544" level="FAIL">Element 'xpath=//*[contains(normalize-space(.),'No test analyses found.')]' did not appear in 2 seconds.</msg>
<arg>${TA_MARK_EMPTY}</arg>
<arg>2s</arg>
<doc>Waits until the element ``locator`` appears on the current page.</doc>
<status status="FAIL" start="2025-08-20T13:32:25.287553" elapsed="2.833991">Element 'xpath=//*[contains(normalize-space(.),'No test analyses found.')]' did not appear in 2 seconds.</status>
</kw>
<msg time="2025-08-20T13:32:28.121544" level="INFO">${m4} = False</msg>
<var>${m4}</var>
<arg>Wait Until Page Contains Element</arg>
<arg>${TA_MARK_EMPTY}</arg>
<arg>2s</arg>
<doc>Runs the given keyword with given arguments and returns the status as a Boolean value.</doc>
<status status="PASS" start="2025-08-20T13:32:25.287553" elapsed="2.833991"/>
</kw>
<kw name="Run Keyword If" owner="BuiltIn">
<arg>${m1} or ${m2} or ${m3} or ${m4}</arg>
<arg>Return From Keyword</arg>
<doc>Runs the given keyword with the given arguments, if ``condition`` is true.</doc>
<status status="PASS" start="2025-08-20T13:32:28.121544" elapsed="0.000000"/>
</kw>
<kw name="Fail" owner="BuiltIn">
<msg time="2025-08-20T13:32:28.123716" level="FAIL">Test Analysis page markers not found within 8s.</msg>
<arg>Test Analysis page markers not found within ${timeout}.</arg>
<doc>Fails the test with the given message and optionally alters its tags.</doc>
<status status="FAIL" start="2025-08-20T13:32:28.123716" elapsed="0.001005">Test Analysis page markers not found within 8s.</status>
</kw>
<arg>8s</arg>
<status status="FAIL" start="2025-08-20T13:32:11.281509" elapsed="16.844061">Test Analysis page markers not found within 8s.</status>
</kw>
<msg time="2025-08-20T13:32:28.125570" level="INFO">${ok} = False</msg>
<var>${ok}</var>
<arg>Wait For TALanded</arg>
<arg>8s</arg>
<doc>Runs the given keyword with given arguments and returns the status as a Boolean value.</doc>
<status status="PASS" start="2025-08-20T13:32:11.278968" elapsed="16.846602"/>
</kw>
<if>
<branch type="IF" condition="not ${ok}">
<kw name="Go To" owner="SeleniumLibrary">
<msg time="2025-08-20T13:32:28.125570" level="INFO">Opening url 'https://demo-clo.minds.vn/en/test-analysis'</msg>
<arg>${BASE_URL}/en/test-analysis</arg>
<doc>Navigates the current browser window to the provided ``url``.</doc>
<status status="PASS" start="2025-08-20T13:32:28.125570" elapsed="0.648125"/>
</kw>
<kw name="Run Keyword And Return Status" owner="BuiltIn">
<kw name="Wait For TALanded" owner="TestAnalysis">
<kw name="Run Keyword And Return Status" owner="BuiltIn">
<kw name="Wait Until Page Contains Element" owner="SeleniumLibrary">
<msg time="2025-08-20T13:32:37.501617" level="INFO" html="true">&lt;/td&gt;&lt;/tr&gt;&lt;tr&gt;&lt;td colspan="3"&gt;&lt;a href="selenium-screenshot-9079.png"&gt;&lt;img src="selenium-screenshot-9079.png" width="800px"&gt;&lt;/a&gt;</msg>
<msg time="2025-08-20T13:32:37.503124" level="FAIL">Element 'xpath=//h1[normalize-space(.)='Phân tích bài kiểm tra' or normalize-space(.)='Test Analysis']' did not appear in 8 seconds.</msg>
<arg>${TA_MARK_H1}</arg>
<arg>${timeout}</arg>
<doc>Waits until the element ``locator`` appears on the current page.</doc>
<status status="FAIL" start="2025-08-20T13:32:28.779816" elapsed="8.723814">Element 'xpath=//h1[normalize-space(.)='Phân tích bài kiểm tra' or normalize-space(.)='Test Analysis']' did not appear in 8 seconds.</status>
</kw>
<msg time="2025-08-20T13:32:37.503630" level="INFO">${m1} = False</msg>
<var>${m1}</var>
<arg>Wait Until Page Contains Element</arg>
<arg>${TA_MARK_H1}</arg>
<arg>${timeout}</arg>
<doc>Runs the given keyword with given arguments and returns the status as a Boolean value.</doc>
<status status="PASS" start="2025-08-20T13:32:28.777311" elapsed="8.726319"/>
</kw>
<kw name="Run Keyword And Return Status" owner="BuiltIn">
<kw name="Wait Until Page Contains Element" owner="SeleniumLibrary">
<msg time="2025-08-20T13:32:39.798134" level="INFO" html="true">&lt;/td&gt;&lt;/tr&gt;&lt;tr&gt;&lt;td colspan="3"&gt;&lt;a href="selenium-screenshot-9080.png"&gt;&lt;img src="selenium-screenshot-9080.png" width="800px"&gt;&lt;/a&gt;</msg>
<msg time="2025-08-20T13:32:39.798134" level="FAIL">Element 'css:input[placeholder*="Search test analyses"]' did not appear in 2 seconds.</msg>
<arg>${TA_MARK_SEARCH}</arg>
<arg>2s</arg>
<doc>Waits until the element ``locator`` appears on the current page.</doc>
<status status="FAIL" start="2025-08-20T13:32:37.504646" elapsed="2.293488">Element 'css:input[placeholder*="Search test analyses"]' did not appear in 2 seconds.</status>
</kw>
<msg time="2025-08-20T13:32:39.799134" level="INFO">${m2} = False</msg>
<var>${m2}</var>
<arg>Wait Until Page Contains Element</arg>
<arg>${TA_MARK_SEARCH}</arg>
<arg>2s</arg>
<doc>Runs the given keyword with given arguments and returns the status as a Boolean value.</doc>
<status status="PASS" start="2025-08-20T13:32:37.504646" elapsed="2.294488"/>
</kw>
<kw name="Run Keyword And Return Status" owner="BuiltIn">
<kw name="Wait Until Page Contains Element" owner="SeleniumLibrary">
<msg time="2025-08-20T13:32:42.112603" level="INFO" html="true">&lt;/td&gt;&lt;/tr&gt;&lt;tr&gt;&lt;td colspan="3"&gt;&lt;a href="selenium-screenshot-9081.png"&gt;&lt;img src="selenium-screenshot-9081.png" width="800px"&gt;&lt;/a&gt;</msg>
<msg time="2025-08-20T13:32:42.113605" level="FAIL">Element 'xpath=//h2[contains(normalize-space(.),'About')]' did not appear in 2 seconds.</msg>
<arg>${TA_MARK_ABOUT}</arg>
<arg>2s</arg>
<doc>Waits until the element ``locator`` appears on the current page.</doc>
<status status="FAIL" start="2025-08-20T13:32:39.799134" elapsed="2.314471">Element 'xpath=//h2[contains(normalize-space(.),'About')]' did not appear in 2 seconds.</status>
</kw>
<msg time="2025-08-20T13:32:42.113605" level="INFO">${m3} = False</msg>
<var>${m3}</var>
<arg>Wait Until Page Contains Element</arg>
<arg>${TA_MARK_ABOUT}</arg>
<arg>2s</arg>
<doc>Runs the given keyword with given arguments and returns the status as a Boolean value.</doc>
<status status="PASS" start="2025-08-20T13:32:39.799134" elapsed="2.314471"/>
</kw>
<kw name="Run Keyword And Return Status" owner="BuiltIn">
<kw name="Wait Until Page Contains Element" owner="SeleniumLibrary">
<msg time="2025-08-20T13:32:44.554447" level="INFO" html="true">&lt;/td&gt;&lt;/tr&gt;&lt;tr&gt;&lt;td colspan="3"&gt;&lt;a href="selenium-screenshot-9082.png"&gt;&lt;img src="selenium-screenshot-9082.png" width="800px"&gt;&lt;/a&gt;</msg>
<msg time="2025-08-20T13:32:44.555461" level="FAIL">Element 'xpath=//*[contains(normalize-space(.),'No test analyses found.')]' did not appear in 2 seconds.</msg>
<arg>${TA_MARK_EMPTY}</arg>
<arg>2s</arg>
<doc>Waits until the element ``locator`` appears on the current page.</doc>
<status status="FAIL" start="2025-08-20T13:32:42.113605" elapsed="2.441856">Element 'xpath=//*[contains(normalize-space(.),'No test analyses found.')]' did not appear in 2 seconds.</status>
</kw>
<msg time="2025-08-20T13:32:44.555461" level="INFO">${m4} = False</msg>
<var>${m4}</var>
<arg>Wait Until Page Contains Element</arg>
<arg>${TA_MARK_EMPTY}</arg>
<arg>2s</arg>
<doc>Runs the given keyword with given arguments and returns the status as a Boolean value.</doc>
<status status="PASS" start="2025-08-20T13:32:42.113605" elapsed="2.441856"/>
</kw>
<kw name="Run Keyword If" owner="BuiltIn">
<arg>${m1} or ${m2} or ${m3} or ${m4}</arg>
<arg>Return From Keyword</arg>
<doc>Runs the given keyword with the given arguments, if ``condition`` is true.</doc>
<status status="PASS" start="2025-08-20T13:32:44.556459" elapsed="0.000000"/>
</kw>
<kw name="Fail" owner="BuiltIn">
<msg time="2025-08-20T13:32:44.557466" level="FAIL">Test Analysis page markers not found within 8s.</msg>
<arg>Test Analysis page markers not found within ${timeout}.</arg>
<doc>Fails the test with the given message and optionally alters its tags.</doc>
<status status="FAIL" start="2025-08-20T13:32:44.556459" elapsed="0.001007">Test Analysis page markers not found within 8s.</status>
</kw>
<arg>8s</arg>
<status status="FAIL" start="2025-08-20T13:32:28.775309" elapsed="15.782157">Test Analysis page markers not found within 8s.</status>
</kw>
<msg time="2025-08-20T13:32:44.557466" level="INFO">${ok} = False</msg>
<var>${ok}</var>
<arg>Wait For TALanded</arg>
<arg>8s</arg>
<doc>Runs the given keyword with given arguments and returns the status as a Boolean value.</doc>
<status status="PASS" start="2025-08-20T13:32:28.774307" elapsed="15.783159"/>
</kw>
<if>
<branch type="IF" condition="not ${ok}">
<kw name="Go To" owner="SeleniumLibrary">
<msg time="2025-08-20T13:32:44.558464" level="INFO">Opening url 'https://demo-clo.minds.vn'</msg>
<arg>${BASE_URL}</arg>
<doc>Navigates the current browser window to the provided ``url``.</doc>
<status status="PASS" start="2025-08-20T13:32:44.557466" elapsed="1.616025"/>
</kw>
<kw name="Wait Until Page Contains Element" owner="SeleniumLibrary">
<arg>${TA_MENU}</arg>
<arg>15s</arg>
<doc>Waits until the element ``locator`` appears on the current page.</doc>
<status status="PASS" start="2025-08-20T13:32:46.174549" elapsed="0.030258"/>
</kw>
<kw name="Safe Click" owner="TestAnalysis">
<kw name="Run Keyword And Return Status" owner="BuiltIn">
<kw name="Click Element" owner="SeleniumLibrary">
<msg time="2025-08-20T13:32:46.209806" level="INFO">Clicking element 'xpath=//a[contains(@href,'test-analysis') or contains(normalize-space(.),'Phân tích bài kiểm tra') or contains(normalize-space(.),'Test Analysis')]'.</msg>
<arg>${locator}</arg>
<doc>Click the element identified by ``locator``.</doc>
<status status="PASS" start="2025-08-20T13:32:46.208807" elapsed="0.752110"/>
</kw>
<msg time="2025-08-20T13:32:46.962423" level="INFO">${ok} = True</msg>
<var>${ok}</var>
<arg>Click Element</arg>
<arg>${locator}</arg>
<doc>Runs the given keyword with given arguments and returns the status as a Boolean value.</doc>
<status status="PASS" start="2025-08-20T13:32:46.208807" elapsed="0.753616"/>
</kw>
<if>
<branch type="IF" condition="not ${ok}">
<kw name="Get WebElement" owner="SeleniumLibrary">
<var>${el}</var>
<arg>${locator}</arg>
<doc>Returns the first WebElement matching the given ``locator``.</doc>
<status status="NOT RUN" start="2025-08-20T13:32:46.962423" elapsed="0.000000"/>
</kw>
<kw name="Execute Javascript" owner="SeleniumLibrary">
<arg>arguments[0].click();</arg>
<arg>${el}</arg>
<doc>Executes the given JavaScript code with possible arguments.</doc>
<status status="NOT RUN" start="2025-08-20T13:32:46.962423" elapsed="0.000000"/>
</kw>
<status status="NOT RUN" start="2025-08-20T13:32:46.962423" elapsed="0.000000"/>
</branch>
<status status="PASS" start="2025-08-20T13:32:46.962423" elapsed="0.000000"/>
</if>
<arg>${TA_MENU}</arg>
<status status="PASS" start="2025-08-20T13:32:46.206808" elapsed="0.755615"/>
</kw>
<kw name="Wait For TALanded" owner="TestAnalysis">
<kw name="Run Keyword And Return Status" owner="BuiltIn">
<kw name="Wait Until Page Contains Element" owner="SeleniumLibrary">
<arg>${TA_MARK_H1}</arg>
<arg>${timeout}</arg>
<doc>Waits until the element ``locator`` appears on the current page.</doc>
<status status="PASS" start="2025-08-20T13:32:46.967810" elapsed="0.013093"/>
</kw>
<msg time="2025-08-20T13:32:46.980903" level="INFO">${m1} = True</msg>
<var>${m1}</var>
<arg>Wait Until Page Contains Element</arg>
<arg>${TA_MARK_H1}</arg>
<arg>${timeout}</arg>
<doc>Runs the given keyword with given arguments and returns the status as a Boolean value.</doc>
<status status="PASS" start="2025-08-20T13:32:46.966552" elapsed="0.014351"/>
</kw>
<kw name="Run Keyword And Return Status" owner="BuiltIn">
<kw name="Wait Until Page Contains Element" owner="SeleniumLibrary">
<arg>${TA_MARK_SEARCH}</arg>
<arg>2s</arg>
<doc>Waits until the element ``locator`` appears on the current page.</doc>
<status status="PASS" start="2025-08-20T13:32:46.981902" elapsed="0.006892"/>
</kw>
<msg time="2025-08-20T13:32:46.988794" level="INFO">${m2} = True</msg>
<var>${m2}</var>
<arg>Wait Until Page Contains Element</arg>
<arg>${TA_MARK_SEARCH}</arg>
<arg>2s</arg>
<doc>Runs the given keyword with given arguments and returns the status as a Boolean value.</doc>
<status status="PASS" start="2025-08-20T13:32:46.980903" elapsed="0.007891"/>
</kw>
<kw name="Run Keyword And Return Status" owner="BuiltIn">
<kw name="Wait Until Page Contains Element" owner="SeleniumLibrary">
<msg time="2025-08-20T13:32:49.416965" level="INFO" html="true">&lt;/td&gt;&lt;/tr&gt;&lt;tr&gt;&lt;td colspan="3"&gt;&lt;a href="selenium-screenshot-9083.png"&gt;&lt;img src="selenium-screenshot-9083.png" width="800px"&gt;&lt;/a&gt;</msg>
<msg time="2025-08-20T13:32:49.416965" level="FAIL">Element 'xpath=//h2[contains(normalize-space(.),'About')]' did not appear in 2 seconds.</msg>
<arg>${TA_MARK_ABOUT}</arg>
<arg>2s</arg>
<doc>Waits until the element ``locator`` appears on the current page.</doc>
<status status="FAIL" start="2025-08-20T13:32:46.988794" elapsed="2.428171">Element 'xpath=//h2[contains(normalize-space(.),'About')]' did not appear in 2 seconds.</status>
</kw>
<msg time="2025-08-20T13:32:49.416965" level="INFO">${m3} = False</msg>
<var>${m3}</var>
<arg>Wait Until Page Contains Element</arg>
<arg>${TA_MARK_ABOUT}</arg>
<arg>2s</arg>
<doc>Runs the given keyword with given arguments and returns the status as a Boolean value.</doc>
<status status="PASS" start="2025-08-20T13:32:46.988794" elapsed="2.428171"/>
</kw>
<kw name="Run Keyword And Return Status" owner="BuiltIn">
<kw name="Wait Until Page Contains Element" owner="SeleniumLibrary">
<arg>${TA_MARK_EMPTY}</arg>
<arg>2s</arg>
<doc>Waits until the element ``locator`` appears on the current page.</doc>
<status status="PASS" start="2025-08-20T13:32:49.417966" elapsed="0.006515"/>
</kw>
<msg time="2025-08-20T13:32:49.424481" level="INFO">${m4} = True</msg>
<var>${m4}</var>
<arg>Wait Until Page Contains Element</arg>
<arg>${TA_MARK_EMPTY}</arg>
<arg>2s</arg>
<doc>Runs the given keyword with given arguments and returns the status as a Boolean value.</doc>
<status status="PASS" start="2025-08-20T13:32:49.417966" elapsed="0.007595"/>
</kw>
<kw name="Run Keyword If" owner="BuiltIn">
<kw name="Return From Keyword" owner="BuiltIn">
<msg time="2025-08-20T13:32:49.425561" level="INFO">Returning from the enclosing user keyword.</msg>
<doc>Returns from the enclosing user keyword.</doc>
<status status="PASS" start="2025-08-20T13:32:49.425561" elapsed="0.000000"/>
</kw>
<arg>${m1} or ${m2} or ${m3} or ${m4}</arg>
<arg>Return From Keyword</arg>
<doc>Runs the given keyword with the given arguments, if ``condition`` is true.</doc>
<status status="PASS" start="2025-08-20T13:32:49.425561" elapsed="0.000000"/>
</kw>
<kw name="Fail" owner="BuiltIn">
<arg>Test Analysis page markers not found within ${timeout}.</arg>
<doc>Fails the test with the given message and optionally alters its tags.</doc>
<status status="NOT RUN" start="2025-08-20T13:32:49.425561" elapsed="0.000000"/>
</kw>
<arg>15s</arg>
<status status="PASS" start="2025-08-20T13:32:46.963932" elapsed="2.462629"/>
</kw>
<status status="PASS" start="2025-08-20T13:32:44.557466" elapsed="4.869095"/>
</branch>
<status status="PASS" start="2025-08-20T13:32:44.557466" elapsed="4.869095"/>
</if>
<status status="PASS" start="2025-08-20T13:32:28.125570" elapsed="21.300991"/>
</branch>
<status status="PASS" start="2025-08-20T13:32:28.125570" elapsed="21.300991"/>
</if>
<doc>Điều hướng chắn tới trang Test Analysis (thử VN/EN, nếu chưa thì bấm menu).</doc>
<status status="PASS" start="2025-08-20T13:32:10.597031" elapsed="38.829530"/>
</kw>
<kw name="Wait For TALanded" owner="TestAnalysis">
<kw name="Run Keyword And Return Status" owner="BuiltIn">
<kw name="Wait Until Page Contains Element" owner="SeleniumLibrary">
<arg>${TA_MARK_H1}</arg>
<arg>${timeout}</arg>
<doc>Waits until the element ``locator`` appears on the current page.</doc>
<status status="PASS" start="2025-08-20T13:32:49.427560" elapsed="0.006121"/>
</kw>
<msg time="2025-08-20T13:32:49.433681" level="INFO">${m1} = True</msg>
<var>${m1}</var>
<arg>Wait Until Page Contains Element</arg>
<arg>${TA_MARK_H1}</arg>
<arg>${timeout}</arg>
<doc>Runs the given keyword with given arguments and returns the status as a Boolean value.</doc>
<status status="PASS" start="2025-08-20T13:32:49.427560" elapsed="0.006121"/>
</kw>
<kw name="Run Keyword And Return Status" owner="BuiltIn">
<kw name="Wait Until Page Contains Element" owner="SeleniumLibrary">
<arg>${TA_MARK_SEARCH}</arg>
<arg>2s</arg>
<doc>Waits until the element ``locator`` appears on the current page.</doc>
<status status="PASS" start="2025-08-20T13:32:49.435023" elapsed="0.005002"/>
</kw>
<msg time="2025-08-20T13:32:49.441024" level="INFO">${m2} = True</msg>
<var>${m2}</var>
<arg>Wait Until Page Contains Element</arg>
<arg>${TA_MARK_SEARCH}</arg>
<arg>2s</arg>
<doc>Runs the given keyword with given arguments and returns the status as a Boolean value.</doc>
<status status="PASS" start="2025-08-20T13:32:49.435023" elapsed="0.006001"/>
</kw>
<kw name="Run Keyword And Return Status" owner="BuiltIn">
<kw name="Wait Until Page Contains Element" owner="SeleniumLibrary">
[...]
<arg>${TA_MARK_H1}</arg>
<arg>${timeout}</arg>
<doc>Runs the given keyword with given arguments and returns the status as a Boolean value.</doc>
<status status="PASS" start="2025-08-20T13:37:23.689130" elapsed="8.523435"/>
</kw>
<kw name="Run Keyword And Return Status" owner="BuiltIn">
<kw name="Wait Until Page Contains Element" owner="SeleniumLibrary">
<msg time="2025-08-20T13:37:34.687645" level="INFO" html="true">&lt;/td&gt;&lt;/tr&gt;&lt;tr&gt;&lt;td colspan="3"&gt;&lt;a href="selenium-screenshot-9160.png"&gt;&lt;img src="selenium-screenshot-9160.png" width="800px"&gt;&lt;/a&gt;</msg>
<msg time="2025-08-20T13:37:34.687645" level="FAIL">Element 'css:input[placeholder*="Search test analyses"]' did not appear in 2 seconds.</msg>
<arg>${TA_MARK_SEARCH}</arg>
<arg>2s</arg>
<doc>Waits until the element ``locator`` appears on the current page.</doc>
<status status="FAIL" start="2025-08-20T13:37:32.213567" elapsed="2.475082">Element 'css:input[placeholder*="Search test analyses"]' did not appear in 2 seconds.</status>
</kw>
<msg time="2025-08-20T13:37:34.688649" level="INFO">${m2} = False</msg>
<var>${m2}</var>
<arg>Wait Until Page Contains Element</arg>
<arg>${TA_MARK_SEARCH}</arg>
<arg>2s</arg>
<doc>Runs the given keyword with given arguments and returns the status as a Boolean value.</doc>
<status status="PASS" start="2025-08-20T13:37:32.213567" elapsed="2.475082"/>
</kw>
<kw name="Run Keyword And Return Status" owner="BuiltIn">
<kw name="Wait Until Page Contains Element" owner="SeleniumLibrary">
<msg time="2025-08-20T13:37:37.216891" level="INFO" html="true">&lt;/td&gt;&lt;/tr&gt;&lt;tr&gt;&lt;td colspan="3"&gt;&lt;a href="selenium-screenshot-9161.png"&gt;&lt;img src="selenium-screenshot-9161.png" width="800px"&gt;&lt;/a&gt;</msg>
<msg time="2025-08-20T13:37:37.216891" level="FAIL">Element 'xpath=//h2[contains(normalize-space(.),'About')]' did not appear in 2 seconds.</msg>
<arg>${TA_MARK_ABOUT}</arg>
<arg>2s</arg>
<doc>Waits until the element ``locator`` appears on the current page.</doc>
<status status="FAIL" start="2025-08-20T13:37:34.688649" elapsed="2.529698">Element 'xpath=//h2[contains(normalize-space(.),'About')]' did not appear in 2 seconds.</status>
</kw>
<msg time="2025-08-20T13:37:37.218347" level="INFO">${m3} = False</msg>
<var>${m3}</var>
<arg>Wait Until Page Contains Element</arg>
<arg>${TA_MARK_ABOUT}</arg>
<arg>2s</arg>
<doc>Runs the given keyword with given arguments and returns the status as a Boolean value.</doc>
<status status="PASS" start="2025-08-20T13:37:34.688649" elapsed="2.529698"/>
</kw>
<kw name="Run Keyword And Return Status" owner="BuiltIn">
<kw name="Wait Until Page Contains Element" owner="SeleniumLibrary">
<msg time="2025-08-20T13:37:39.659595" level="INFO" html="true">&lt;/td&gt;&lt;/tr&gt;&lt;tr&gt;&lt;td colspan="3"&gt;&lt;a href="selenium-screenshot-9162.png"&gt;&lt;img src="selenium-screenshot-9162.png" width="800px"&gt;&lt;/a&gt;</msg>
<msg time="2025-08-20T13:37:39.659595" level="FAIL">Element 'xpath=//*[contains(normalize-space(.),'No test analyses found.')]' did not appear in 2 seconds.</msg>
<arg>${TA_MARK_EMPTY}</arg>
<arg>2s</arg>
<doc>Waits until the element ``locator`` appears on the current page.</doc>
<status status="FAIL" start="2025-08-20T13:37:37.219349" elapsed="2.440246">Element 'xpath=//*[contains(normalize-space(.),'No test analyses found.')]' did not appear in 2 seconds.</status>
</kw>
<msg time="2025-08-20T13:37:39.659595" level="INFO">${m4} = False</msg>
<var>${m4}</var>
<arg>Wait Until Page Contains Element</arg>
<arg>${TA_MARK_EMPTY}</arg>
<arg>2s</arg>
<doc>Runs the given keyword with given arguments and returns the status as a Boolean value.</doc>
<status status="PASS" start="2025-08-20T13:37:37.218347" elapsed="2.441248"/>
</kw>
<kw name="Run Keyword If" owner="BuiltIn">
<arg>${m1} or ${m2} or ${m3} or ${m4}</arg>
<arg>Return From Keyword</arg>
<doc>Runs the given keyword with the given arguments, if ``condition`` is true.</doc>
<status status="PASS" start="2025-08-20T13:37:39.660598" elapsed="0.000000"/>
</kw>
<kw name="Fail" owner="BuiltIn">
<msg time="2025-08-20T13:37:39.660598" level="FAIL">Test Analysis page markers not found within 8s.</msg>
<arg>Test Analysis page markers not found within ${timeout}.</arg>
<doc>Fails the test with the given message and optionally alters its tags.</doc>
<status status="FAIL" start="2025-08-20T13:37:39.660598" elapsed="0.000000">Test Analysis page markers not found within 8s.</status>
</kw>
<arg>8s</arg>
<status status="FAIL" start="2025-08-20T13:37:23.688125" elapsed="15.973472">Test Analysis page markers not found within 8s.</status>
</kw>
<msg time="2025-08-20T13:37:39.661597" level="INFO">${ok} = False</msg>
<var>${ok}</var>
<arg>Wait For TALanded</arg>
<arg>8s</arg>
<doc>Runs the given keyword with given arguments and returns the status as a Boolean value.</doc>
<status status="PASS" start="2025-08-20T13:37:23.685841" elapsed="15.975756"/>
</kw>
<if>
<branch type="IF" condition="not ${ok}">
<kw name="Go To" owner="SeleniumLibrary">
<msg time="2025-08-20T13:37:39.661597" level="INFO">Opening url 'https://demo-clo.minds.vn'</msg>
<arg>${BASE_URL}</arg>
<doc>Navigates the current browser window to the provided ``url``.</doc>
<status status="PASS" start="2025-08-20T13:37:39.661597" elapsed="1.761674"/>
</kw>
<kw name="Wait Until Page Contains Element" owner="SeleniumLibrary">
<arg>${TA_MENU}</arg>
<arg>15s</arg>
<doc>Waits until the element ``locator`` appears on the current page.</doc>
<status status="PASS" start="2025-08-20T13:37:41.424306" elapsed="0.021289"/>
</kw>
<kw name="Safe Click" owner="TestAnalysis">
<kw name="Run Keyword And Return Status" owner="BuiltIn">
<kw name="Click Element" owner="SeleniumLibrary">
<msg time="2025-08-20T13:37:41.479288" level="INFO">Clicking element 'xpath=//a[contains(@href,'test-analysis') or contains(normalize-space(.),'Phân tích bài kiểm tra') or contains(normalize-space(.),'Test Analysis')]'.</msg>
<arg>${locator}</arg>
<doc>Click the element identified by ``locator``.</doc>
<status status="PASS" start="2025-08-20T13:37:41.459575" elapsed="0.736113"/>
</kw>
<msg time="2025-08-20T13:37:42.195688" level="INFO">${ok} = True</msg>
<var>${ok}</var>
<arg>Click Element</arg>
<arg>${locator}</arg>
<doc>Runs the given keyword with given arguments and returns the status as a Boolean value.</doc>
<status status="PASS" start="2025-08-20T13:37:41.451793" elapsed="0.744898"/>
</kw>
<if>
<branch type="IF" condition="not ${ok}">
<kw name="Get WebElement" owner="SeleniumLibrary">
<var>${el}</var>
<arg>${locator}</arg>
<doc>Returns the first WebElement matching the given ``locator``.</doc>
<status status="NOT RUN" start="2025-08-20T13:37:42.196691" elapsed="0.000000"/>
</kw>
<kw name="Execute Javascript" owner="SeleniumLibrary">
<arg>arguments[0].click();</arg>
<arg>${el}</arg>
<doc>Executes the given JavaScript code with possible arguments.</doc>
<status status="NOT RUN" start="2025-08-20T13:37:42.196691" elapsed="0.000000"/>
</kw>
<status status="NOT RUN" start="2025-08-20T13:37:42.196691" elapsed="0.000000"/>
</branch>
<status status="PASS" start="2025-08-20T13:37:42.196691" elapsed="0.000000"/>
</if>
<arg>${TA_MENU}</arg>
<status status="PASS" start="2025-08-20T13:37:41.445595" elapsed="0.751096"/>
</kw>
<kw name="Wait For TALanded" owner="TestAnalysis">
<kw name="Run Keyword And Return Status" owner="BuiltIn">
<kw name="Wait Until Page Contains Element" owner="SeleniumLibrary">
<arg>${TA_MARK_H1}</arg>
<arg>${timeout}</arg>
<doc>Waits until the element ``locator`` appears on the current page.</doc>
<status status="PASS" start="2025-08-20T13:37:42.197691" elapsed="0.013135"/>
</kw>
<msg time="2025-08-20T13:37:42.211826" level="INFO">${m1} = True</msg>
<var>${m1}</var>
<arg>Wait Until Page Contains Element</arg>
<arg>${TA_MARK_H1}</arg>
<arg>${timeout}</arg>
<doc>Runs the given keyword with given arguments and returns the status as a Boolean value.</doc>
<status status="PASS" start="2025-08-20T13:37:42.197691" elapsed="0.014135"/>
</kw>
<kw name="Run Keyword And Return Status" owner="BuiltIn">
<kw name="Wait Until Page Contains Element" owner="SeleniumLibrary">
<arg>${TA_MARK_SEARCH}</arg>
<arg>2s</arg>
<doc>Waits until the element ``locator`` appears on the current page.</doc>
<status status="PASS" start="2025-08-20T13:37:42.211826" elapsed="0.007074"/>
</kw>
<msg time="2025-08-20T13:37:42.218900" level="INFO">${m2} = True</msg>
<var>${m2}</var>
<arg>Wait Until Page Contains Element</arg>
<arg>${TA_MARK_SEARCH}</arg>
<arg>2s</arg>
<doc>Runs the given keyword with given arguments and returns the status as a Boolean value.</doc>
<status status="PASS" start="2025-08-20T13:37:42.211826" elapsed="0.007074"/>
</kw>
<kw name="Run Keyword And Return Status" owner="BuiltIn">
<kw name="Wait Until Page Contains Element" owner="SeleniumLibrary">
<msg time="2025-08-20T13:37:44.614576" level="INFO" html="true">&lt;/td&gt;&lt;/tr&gt;&lt;tr&gt;&lt;td colspan="3"&gt;&lt;a href="selenium-screenshot-9163.png"&gt;&lt;img src="selenium-screenshot-9163.png" width="800px"&gt;&lt;/a&gt;</msg>
<msg time="2025-08-20T13:37:44.615871" level="FAIL">Element 'xpath=//h2[contains(normalize-space(.),'About')]' did not appear in 2 seconds.</msg>
<arg>${TA_MARK_ABOUT}</arg>
<arg>2s</arg>
<doc>Waits until the element ``locator`` appears on the current page.</doc>
<status status="FAIL" start="2025-08-20T13:37:42.218900" elapsed="2.396971">Element 'xpath=//h2[contains(normalize-space(.),'About')]' did not appear in 2 seconds.</status>
</kw>
<msg time="2025-08-20T13:37:44.615871" level="INFO">${m3} = False</msg>
<var>${m3}</var>
<arg>Wait Until Page Contains Element</arg>
<arg>${TA_MARK_ABOUT}</arg>
<arg>2s</arg>
<doc>Runs the given keyword with given arguments and returns the status as a Boolean value.</doc>
<status status="PASS" start="2025-08-20T13:37:42.218900" elapsed="2.396971"/>
</kw>
<kw name="Run Keyword And Return Status" owner="BuiltIn">
<kw name="Wait Until Page Contains Element" owner="SeleniumLibrary">
<arg>${TA_MARK_EMPTY}</arg>
<arg>2s</arg>
<doc>Waits until the element ``locator`` appears on the current page.</doc>
<status status="PASS" start="2025-08-20T13:37:44.616870" elapsed="0.005512"/>
</kw>
<msg time="2025-08-20T13:37:44.622382" level="INFO">${m4} = True</msg>
<var>${m4}</var>
<arg>Wait Until Page Contains Element</arg>
<arg>${TA_MARK_EMPTY}</arg>
<arg>2s</arg>
<doc>Runs the given keyword with given arguments and returns the status as a Boolean value.</doc>
<status status="PASS" start="2025-08-20T13:37:44.615871" elapsed="0.006511"/>
</kw>
<kw name="Run Keyword If" owner="BuiltIn">
<kw name="Return From Keyword" owner="BuiltIn">
<msg time="2025-08-20T13:37:44.623389" level="INFO">Returning from the enclosing user keyword.</msg>
<doc>Returns from the enclosing user keyword.</doc>
<status status="PASS" start="2025-08-20T13:37:44.623389" elapsed="0.000000"/>
</kw>
<arg>${m1} or ${m2} or ${m3} or ${m4}</arg>
<arg>Return From Keyword</arg>
<doc>Runs the given keyword with the given arguments, if ``condition`` is true.</doc>
<status status="PASS" start="2025-08-20T13:37:44.623389" elapsed="0.000000"/>
</kw>
<kw name="Fail" owner="BuiltIn">
<arg>Test Analysis page markers not found within ${timeout}.</arg>
<doc>Fails the test with the given message and optionally alters its tags.</doc>
<status status="NOT RUN" start="2025-08-20T13:37:44.623389" elapsed="0.000000"/>
</kw>
<arg>15s</arg>
<status status="PASS" start="2025-08-20T13:37:42.196691" elapsed="2.426698"/>
</kw>
<status status="PASS" start="2025-08-20T13:37:39.661597" elapsed="4.961792"/>
</branch>
<status status="PASS" start="2025-08-20T13:37:39.661597" elapsed="4.961792"/>
</if>
<status status="PASS" start="2025-08-20T13:37:23.040855" elapsed="21.582534"/>
</branch>
<status status="PASS" start="2025-08-20T13:37:23.040855" elapsed="21.582534"/>
</if>
<doc>Điều hướng chắn tới trang Test Analysis (thử VN/EN, nếu chưa thì bấm menu).</doc>
<status status="PASS" start="2025-08-20T13:37:06.269294" elapsed="38.354095"/>
</kw>
<kw name="Wait For TALanded" owner="TestAnalysis">
<kw name="Run Keyword And Return Status" owner="BuiltIn">
<kw name="Wait Until Page Contains Element" owner="SeleniumLibrary">
<arg>${TA_MARK_H1}</arg>
<arg>${timeout}</arg>
<doc>Waits until the element ``locator`` appears on the current page.</doc>
<status status="PASS" start="2025-08-20T13:37:44.624509" elapsed="0.004999"/>
</kw>
<msg time="2025-08-20T13:37:44.630509" level="INFO">${m1} = True</msg>
<var>${m1}</var>
<arg>Wait Until Page Contains Element</arg>
<arg>${TA_MARK_H1}</arg>
<arg>${timeout}</arg>
<doc>Runs the given keyword with given arguments and returns the status as a Boolean value.</doc>
<status status="PASS" start="2025-08-20T13:37:44.624509" elapsed="0.006000"/>
</kw>
<kw name="Run Keyword And Return Status" owner="BuiltIn">
<kw name="Wait Until Page Contains Element" owner="SeleniumLibrary">
<arg>${TA_MARK_SEARCH}</arg>
<arg>2s</arg>
<doc>Waits until the element ``locator`` appears on the current page.</doc>
<status status="PASS" start="2025-08-20T13:37:44.630509" elapsed="0.005067"/>
</kw>
<msg time="2025-08-20T13:37:44.635576" level="INFO">${m2} = True</msg>
<var>${m2}</var>
<arg>Wait Until Page Contains Element</arg>
<arg>${TA_MARK_SEARCH}</arg>
<arg>2s</arg>
<doc>Runs the given keyword with given arguments and returns the status as a Boolean value.</doc>
<status status="PASS" start="2025-08-20T13:37:44.630509" elapsed="0.005067"/>
</kw>
<kw name="Run Keyword And Return Status" owner="BuiltIn">
<kw name="Wait Until Page Contains Element" owner="SeleniumLibrary">
<msg time="2025-08-20T13:37:47.057146" level="INFO" html="true">&lt;/td&gt;&lt;/tr&gt;&lt;tr&gt;&lt;td colspan="3"&gt;&lt;a href="selenium-screenshot-9164.png"&gt;&lt;img src="selenium-screenshot-9164.png" width="800px"&gt;&lt;/a&gt;</msg>
<msg time="2025-08-20T13:37:47.057146" level="FAIL">Element 'xpath=//h2[contains(normalize-space(.),'About')]' did not appear in 2 seconds.</msg>
<arg>${TA_MARK_ABOUT}</arg>
<arg>2s</arg>
<doc>Waits until the element ``locator`` appears on the current page.</doc>
<status status="FAIL" start="2025-08-20T13:37:44.636566" elapsed="2.421584">Element 'xpath=//h2[contains(normalize-space(.),'About')]' did not appear in 2 seconds.</status>
</kw>
<msg time="2025-08-20T13:37:47.058150" level="INFO">${m3} = False</msg>
<var>${m3}</var>
<arg>Wait Until Page Contains Element</arg>
<arg>${TA_MARK_ABOUT}</arg>
<arg>2s</arg>
<doc>Runs the given keyword with given arguments and returns the status as a Boolean value.</doc>
<status status="PASS" start="2025-08-20T13:37:44.636566" elapsed="2.421584"/>
</kw>
<kw name="Run Keyword And Return Status" owner="BuiltIn">
<kw name="Wait Until Page Contains Element" owner="SeleniumLibrary">
<arg>${TA_MARK_EMPTY}</arg>
<arg>2s</arg>
<doc>Waits until the element ``locator`` appears on the current page.</doc>
<status status="PASS" start="2025-08-20T13:37:47.058150" elapsed="0.006479"/>
</kw>
<msg time="2025-08-20T13:37:47.064629" level="INFO">${m4} = True</msg>
<var>${m4}</var>
<arg>Wait Until Page Contains Element</arg>
<arg>${TA_MARK_EMPTY}</arg>
<arg>2s</arg>
<doc>Runs the given keyword with given arguments and returns the status as a Boolean value.</doc>
<status status="PASS" start="2025-08-20T13:37:47.058150" elapsed="0.006479"/>
</kw>
<kw name="Run Keyword If" owner="BuiltIn">
<kw name="Return From Keyword" owner="BuiltIn">
<msg time="2025-08-20T13:37:47.065916" level="INFO">Returning from the enclosing user keyword.</msg>
<doc>Returns from the enclosing user keyword.</doc>
<status status="PASS" start="2025-08-20T13:37:47.065916" elapsed="0.000000"/>
</kw>
<arg>${m1} or ${m2} or ${m3} or ${m4}</arg>
<arg>Return From Keyword</arg>
<doc>Runs the given keyword with the given arguments, if ``condition`` is true.</doc>
<status status="PASS" start="2025-08-20T13:37:47.065916" elapsed="0.000000"/>
</kw>
<kw name="Fail" owner="BuiltIn">
<arg>Test Analysis page markers not found within ${timeout}.</arg>
<doc>Fails the test with the given message and optionally alters its tags.</doc>
<status status="NOT RUN" start="2025-08-20T13:37:47.066917" elapsed="0.000000"/>
</kw>
<status status="PASS" start="2025-08-20T13:37:44.624509" elapsed="2.442408"/>
</kw>
<kw name="Page Should Contain Element" owner="SeleniumLibrary">
<msg time="2025-08-20T13:37:47.072422" level="INFO">Current page contains element 'css:input[placeholder*="Search test analyses"]'.</msg>
<arg>${TA_SEARCH_INPUT}</arg>
<doc>Verifies that element ``locator`` is found on the current page.</doc>
<status status="PASS" start="2025-08-20T13:37:47.066917" elapsed="0.005505"/>
</kw>
<kw name="Page Should Contain Element" owner="SeleniumLibrary">
<msg time="2025-08-20T13:37:47.082961" level="INFO">Current page contains element 'xpath=//*[self::a or self::div][.//text()[contains(.,'Performance Statistics')]]'.</msg>
<arg>${TA_CARD_PERF}</arg>
<doc>Verifies that element ``locator`` is found on the current page.</doc>
<status status="PASS" start="2025-08-20T13:37:47.072422" elapsed="0.010539"/>
</kw>
<kw name="Page Should Contain Element" owner="SeleniumLibrary">
<msg time="2025-08-20T13:37:47.092457" level="INFO">Current page contains element 'xpath=//*[self::a or self::div][.//text()[contains(.,'Item Analysis')]]'.</msg>
<arg>${TA_CARD_ITEM}</arg>
<doc>Verifies that element ``locator`` is found on the current page.</doc>
<status status="PASS" start="2025-08-20T13:37:47.083469" elapsed="0.008988"/>
</kw>
<kw name="Page Should Contain Element" owner="SeleniumLibrary">
<msg time="2025-08-20T13:37:47.102693" level="INFO">Current page contains element 'xpath=//*[self::a or self::div][.//text()[contains(.,'CLO Achievement')]]'.</msg>
<arg>${TA_CARD_CLO}</arg>
<doc>Verifies that element ``locator`` is found on the current page.</doc>
<status status="PASS" start="2025-08-20T13:37:47.092457" elapsed="0.010784"/>
</kw>
<kw name="Run Keyword And Ignore Error" owner="BuiltIn" type="TEARDOWN">
<kw name="Capture Page Screenshot" owner="SeleniumLibrary">
<msg time="2025-08-20T13:37:47.419906" level="INFO" html="true">&lt;/td&gt;&lt;/tr&gt;&lt;tr&gt;&lt;td colspan="3"&gt;&lt;a href="selenium-screenshot-9165.png"&gt;&lt;img src="selenium-screenshot-9165.png" width="800px"&gt;&lt;/a&gt;</msg>
<doc>Takes a screenshot of the current page and embeds it into a log file.</doc>
<status status="PASS" start="2025-08-20T13:37:47.103241" elapsed="0.317675"/>
</kw>
<arg>Capture Page Screenshot</arg>
<doc>Runs the given keyword with the given arguments and ignores possible error.</doc>
<status status="PASS" start="2025-08-20T13:37:47.103241" elapsed="0.317675"/>
</kw>
<tag>Smoke</tag>
<tag>UI</tag>
<timeout value="4 minutes"/>
<status status="PASS" start="2025-08-20T13:37:06.268294" elapsed="41.152622"/>
</test>
<kw name="Run Keyword And Ignore Error" owner="BuiltIn" type="TEARDOWN">
<kw name="Close All Browsers" owner="SeleniumLibrary">
<doc>Closes all open browsers and resets the browser cache.</doc>
<status status="PASS" start="2025-08-20T13:37:47.423424" elapsed="6.346404"/>
</kw>
<arg>Close All Browsers</arg>
<doc>Runs the given keyword with the given arguments and ignores possible error.</doc>
<status status="PASS" start="2025-08-20T13:37:47.422422" elapsed="6.347406"/>
</kw>
<doc>Suite kiểm thử trang "Phân tích bài kiểm tra" (Test Analysis). Fallback VN/EN + menu + markers.</doc>
<status status="PASS" start="2025-08-20T13:30:33.734293" elapsed="440.035535"/>
</suite>
<statistics>
<total>
<stat pass="10" fail="0" skip="0">All Tests</stat>
</total>
<tag>
<stat pass="1" fail="0" skip="0">Content</stat>
<stat pass="1" fail="0" skip="0">EmptyState</stat>
<stat pass="4" fail="0" skip="0">Nav</stat>
<stat pass="2" fail="0" skip="0">Search</stat>
<stat pass="1" fail="0" skip="0">Smoke</stat>
<stat pass="5" fail="0" skip="0">UI</stat>
<stat pass="1" fail="0" skip="0">UX</stat>
</tag>
<suite>
<stat name="TestAnalysis" id="s1" pass="10" fail="0" skip="0">TestAnalysis</stat>
</suite>
</statistics>
<errors>
</errors>
</robot>
